<?xml version="1.0" encoding="UTF-8"?>
<TestRun id="cb29e1e2-0d55-4e5d-b496-cbc8150ee0f0" name="Karthik@KARTHIK-PC 2012-12-08 15:29:42" runUser="Karthik-PC\Karthik" xmlns="http://microsoft.com/schemas/VisualStudio/TeamTest/2010">
  <TestSettings name="Local" id="19cc77c9-eedf-43c8-985f-f1bafae10a02">
    <Description>These are default test settings for a local test run.</Description>
    <Deployment enabled="false" runDeploymentRoot="Karthik_KARTHIK-PC 2012-12-08 15_29_42">
      <DeploymentItem filename="C:\Users\Karthik\Documents\Visual Studio 2010\Projects\sBlog.Net\sBlog.Net.Akismet\bin\Debug\sBlog.Net.Akismet.dll" />
      <DeploymentItem filename="C:\Users\Karthik\Documents\Visual Studio 2010\Projects\sBlog.Net\sBlog.Net.Domain\bin\Debug\sBlog.Net.Domain.dll" />
      <DeploymentItem filename="C:\Users\Karthik\Documents\Visual Studio 2010\Projects\sBlog.Net\sBlog.Net\bin\sBlog.Net.dll" />
    </Deployment>
    <Execution>
      <TestTypeSpecific />
      <AgentRule name="Execution Agents">
      </AgentRule>
    </Execution>
  </TestSettings>
  <Times creation="2012-12-08T15:29:42.5247488-05:00" queuing="2012-12-08T15:29:42.5887524-05:00" start="2012-12-08T15:29:42.6247545-05:00" finish="2012-12-08T15:29:48.0990676-05:00" />
  <ResultSummary outcome="Completed">
    <Counters total="67" executed="67" passed="67" error="0" failed="0" timeout="0" aborted="0" inconclusive="0" passedButRunAborted="0" notRunnable="0" notExecuted="0" disconnected="0" warning="0" completed="0" inProgress="0" pending="0" />
  </ResultSummary>
  <TestDefinitions>
    <UnitTest name="Can_Process_Comment_When_Akistmet_Is_Enabled_And_Delete_Is_Disabled_Ham" storage="c:\users\karthik\documents\visual studio 2010\projects\sblog.net\sblog.net.tests\bin\debug\sblog.net.tests.dll" id="442df1de-81ca-3bdc-86d0-0e77bffcf546">
      <Execution id="121bb8ff-cb26-44c8-a350-af5089f6283d" />
      <TestMethod codeBase="C:/Users/Karthik/Documents/Visual Studio 2010/Projects/sBlog.Net/sBlog.Net.Tests/bin/Debug/sBlog.Net.Tests.DLL" adapterTypeName="Microsoft.VisualStudio.TestTools.TestTypes.Unit.UnitTestAdapter, Microsoft.VisualStudio.QualityTools.Tips.UnitTest.Adapter, Version=10.0.0.0, Culture=neutral, PublicKeyToken=b03f5f7f11d50a3a" className="sBlog.Net.Tests.AkismetTests.CommentProcessorPipelineTests, sBlog.Net.Tests, Version=1.0.0.0, Culture=neutral, PublicKeyToken=null" name="Can_Process_Comment_When_Akistmet_Is_Enabled_And_Delete_Is_Disabled_Ham" />
    </UnitTest>
    <UnitTest name="Can_Generate_Slug_For_New_Tag_With_Period_2" storage="c:\users\karthik\documents\visual studio 2010\projects\sblog.net\sblog.net.tests\bin\debug\sblog.net.tests.dll" id="ce9d2f38-0696-2335-e864-08ceb31a70a0">
      <Execution id="38786a36-e3c5-4b24-92b2-34d63572a49a" />
      <TestMethod codeBase="C:/Users/Karthik/Documents/Visual Studio 2010/Projects/sBlog.Net/sBlog.Net.Tests/bin/Debug/sBlog.Net.Tests.DLL" adapterTypeName="Microsoft.VisualStudio.TestTools.TestTypes.Unit.UnitTestAdapter, Microsoft.VisualStudio.QualityTools.Tips.UnitTest.Adapter, Version=10.0.0.0, Culture=neutral, PublicKeyToken=b03f5f7f11d50a3a" className="sBlog.Net.Tests.Generators.SlugGeneratorTests, sBlog.Net.Tests, Version=1.0.0.0, Culture=neutral, PublicKeyToken=null" name="Can_Generate_Slug_For_New_Tag_With_Period_2" />
    </UnitTest>
    <UnitTest name="Can_Generate_Slug_For_Tag_With_Lot_Of_Spaces" storage="c:\users\karthik\documents\visual studio 2010\projects\sblog.net\sblog.net.tests\bin\debug\sblog.net.tests.dll" id="a4fc38ee-7b00-b59f-4a61-906e4175b8e2">
      <Execution id="00befb3d-9326-4af0-b875-9469b1c02c2c" />
      <TestMethod codeBase="C:/Users/Karthik/Documents/Visual Studio 2010/Projects/sBlog.Net/sBlog.Net.Tests/bin/Debug/sBlog.Net.Tests.DLL" adapterTypeName="Microsoft.VisualStudio.TestTools.TestTypes.Unit.UnitTestAdapter, Microsoft.VisualStudio.QualityTools.Tips.UnitTest.Adapter, Version=10.0.0.0, Culture=neutral, PublicKeyToken=b03f5f7f11d50a3a" className="sBlog.Net.Tests.Generators.SlugGeneratorTests, sBlog.Net.Tests, Version=1.0.0.0, Culture=neutral, PublicKeyToken=null" name="Can_Generate_Slug_For_Tag_With_Lot_Of_Spaces" />
    </UnitTest>
    <UnitTest name="Can_Return_Posts_By_Category_Name_Page_2" storage="c:\users\karthik\documents\visual studio 2010\projects\sblog.net\sblog.net.tests\bin\debug\sblog.net.tests.dll" id="b9917d52-2709-d368-b719-a4e1a667f0ea">
      <Execution id="5f215375-f884-410b-8be9-f4ae26d5af4a" />
      <TestMethod codeBase="C:/Users/Karthik/Documents/Visual Studio 2010/Projects/sBlog.Net/sBlog.Net.Tests/bin/Debug/sBlog.Net.Tests.DLL" adapterTypeName="Microsoft.VisualStudio.TestTools.TestTypes.Unit.UnitTestAdapter, Microsoft.VisualStudio.QualityTools.Tips.UnitTest.Adapter, Version=10.0.0.0, Culture=neutral, PublicKeyToken=b03f5f7f11d50a3a" className="sBlog.Net.Tests.Controllers.HomeControllerTests, sBlog.Net.Tests, Version=1.0.0.0, Culture=neutral, PublicKeyToken=null" name="Can_Return_Posts_By_Category_Name_Page_2" />
    </UnitTest>
    <UnitTest name="Can_Return_First_Page_With_5_Items" storage="c:\users\karthik\documents\visual studio 2010\projects\sblog.net\sblog.net.tests\bin\debug\sblog.net.tests.dll" id="11d0a6ce-281c-48f4-3f91-e14c07f9c4f5">
      <Execution id="89459cf2-cfa2-4841-8ddc-f6b36df17d19" />
      <TestMethod codeBase="C:/Users/Karthik/Documents/Visual Studio 2010/Projects/sBlog.Net/sBlog.Net.Tests/bin/Debug/sBlog.Net.Tests.DLL" adapterTypeName="Microsoft.VisualStudio.TestTools.TestTypes.Unit.UnitTestAdapter, Microsoft.VisualStudio.QualityTools.Tips.UnitTest.Adapter, Version=10.0.0.0, Culture=neutral, PublicKeyToken=b03f5f7f11d50a3a" className="sBlog.Net.Tests.Controllers.HomeControllerTests, sBlog.Net.Tests, Version=1.0.0.0, Culture=neutral, PublicKeyToken=null" name="Can_Return_First_Page_With_5_Items" />
    </UnitTest>
    <UnitTest name="Can_Process_Comment_When_Akistmet_Is_Disabled" storage="c:\users\karthik\documents\visual studio 2010\projects\sblog.net\sblog.net.tests\bin\debug\sblog.net.tests.dll" id="d1901ce9-268e-6f75-fc55-4881d6290901">
      <Execution id="c1ee2698-71af-4797-8dd0-34b153dc5c6f" />
      <TestMethod codeBase="C:/Users/Karthik/Documents/Visual Studio 2010/Projects/sBlog.Net/sBlog.Net.Tests/bin/Debug/sBlog.Net.Tests.DLL" adapterTypeName="Microsoft.VisualStudio.TestTools.TestTypes.Unit.UnitTestAdapter, Microsoft.VisualStudio.QualityTools.Tips.UnitTest.Adapter, Version=10.0.0.0, Culture=neutral, PublicKeyToken=b03f5f7f11d50a3a" className="sBlog.Net.Tests.AkismetTests.CommentProcessorPipelineTests, sBlog.Net.Tests, Version=1.0.0.0, Culture=neutral, PublicKeyToken=null" name="Can_Process_Comment_When_Akistmet_Is_Disabled" />
    </UnitTest>
    <UnitTest name="Can_Return_Posts_By_URL_Private_Admin" storage="c:\users\karthik\documents\visual studio 2010\projects\sblog.net\sblog.net.tests\bin\debug\sblog.net.tests.dll" id="f7dedd7f-cca6-7fdd-56b1-f8c5c8e62c5e">
      <Execution id="9ebb6ae2-4373-4b72-bb0d-e2eaa0197cb3" />
      <TestMethod codeBase="C:/Users/Karthik/Documents/Visual Studio 2010/Projects/sBlog.Net/sBlog.Net.Tests/bin/Debug/sBlog.Net.Tests.DLL" adapterTypeName="Microsoft.VisualStudio.TestTools.TestTypes.Unit.UnitTestAdapter, Microsoft.VisualStudio.QualityTools.Tips.UnitTest.Adapter, Version=10.0.0.0, Culture=neutral, PublicKeyToken=b03f5f7f11d50a3a" className="sBlog.Net.Tests.Controllers.HomeControllerTests, sBlog.Net.Tests, Version=1.0.0.0, Culture=neutral, PublicKeyToken=null" name="Can_Return_Posts_By_URL_Private_Admin" />
    </UnitTest>
    <UnitTest name="Can_Generate_Slug" storage="c:\users\karthik\documents\visual studio 2010\projects\sblog.net\sblog.net.tests\bin\debug\sblog.net.tests.dll" id="0f710703-c21e-9061-9eb3-3991a01f8a3a">
      <Execution id="514061fa-aefe-4997-8fa2-e3d4eb070830" />
      <TestMethod codeBase="C:/Users/Karthik/Documents/Visual Studio 2010/Projects/sBlog.Net/sBlog.Net.Tests/bin/Debug/sBlog.Net.Tests.DLL" adapterTypeName="Microsoft.VisualStudio.TestTools.TestTypes.Unit.UnitTestAdapter, Microsoft.VisualStudio.QualityTools.Tips.UnitTest.Adapter, Version=10.0.0.0, Culture=neutral, PublicKeyToken=b03f5f7f11d50a3a" className="sBlog.Net.Tests.Generators.SlugGeneratorTests, sBlog.Net.Tests, Version=1.0.0.0, Culture=neutral, PublicKeyToken=null" name="Can_Generate_Slug" />
    </UnitTest>
    <UnitTest name="Can_Return_Second_Page_With_5_Items_Authenticated" storage="c:\users\karthik\documents\visual studio 2010\projects\sblog.net\sblog.net.tests\bin\debug\sblog.net.tests.dll" id="95aad58c-43fd-4c31-c641-7bc830851f2e">
      <Execution id="f1b02c74-2470-4bd8-87ec-d3eb1ff57b54" />
      <TestMethod codeBase="C:/Users/Karthik/Documents/Visual Studio 2010/Projects/sBlog.Net/sBlog.Net.Tests/bin/Debug/sBlog.Net.Tests.DLL" adapterTypeName="Microsoft.VisualStudio.TestTools.TestTypes.Unit.UnitTestAdapter, Microsoft.VisualStudio.QualityTools.Tips.UnitTest.Adapter, Version=10.0.0.0, Culture=neutral, PublicKeyToken=b03f5f7f11d50a3a" className="sBlog.Net.Tests.Controllers.HomeControllerTests, sBlog.Net.Tests, Version=1.0.0.0, Culture=neutral, PublicKeyToken=null" name="Can_Return_Second_Page_With_5_Items_Authenticated" />
    </UnitTest>
    <UnitTest name="Can_Return_Posts_By_URL_Private_Non_Admin" storage="c:\users\karthik\documents\visual studio 2010\projects\sblog.net\sblog.net.tests\bin\debug\sblog.net.tests.dll" id="1c2547bf-42a9-5736-a051-4bfe81892844">
      <Execution id="e4e52370-d978-45c3-925e-599ef029a49a" />
      <TestMethod codeBase="C:/Users/Karthik/Documents/Visual Studio 2010/Projects/sBlog.Net/sBlog.Net.Tests/bin/Debug/sBlog.Net.Tests.DLL" adapterTypeName="Microsoft.VisualStudio.TestTools.TestTypes.Unit.UnitTestAdapter, Microsoft.VisualStudio.QualityTools.Tips.UnitTest.Adapter, Version=10.0.0.0, Culture=neutral, PublicKeyToken=b03f5f7f11d50a3a" className="sBlog.Net.Tests.Controllers.HomeControllerTests, sBlog.Net.Tests, Version=1.0.0.0, Culture=neutral, PublicKeyToken=null" name="Can_Return_Posts_By_URL_Private_Non_Admin" />
    </UnitTest>
    <UnitTest name="Can_Return_Posts_By_Category_Name_Page_1" storage="c:\users\karthik\documents\visual studio 2010\projects\sblog.net\sblog.net.tests\bin\debug\sblog.net.tests.dll" id="40721cd6-9ee0-b8a9-b5a6-4a838be3488f">
      <Execution id="93490fb7-e7c8-441b-8067-cdd6ffc506d7" />
      <TestMethod codeBase="C:/Users/Karthik/Documents/Visual Studio 2010/Projects/sBlog.Net/sBlog.Net.Tests/bin/Debug/sBlog.Net.Tests.DLL" adapterTypeName="Microsoft.VisualStudio.TestTools.TestTypes.Unit.UnitTestAdapter, Microsoft.VisualStudio.QualityTools.Tips.UnitTest.Adapter, Version=10.0.0.0, Culture=neutral, PublicKeyToken=b03f5f7f11d50a3a" className="sBlog.Net.Tests.Controllers.HomeControllerTests, sBlog.Net.Tests, Version=1.0.0.0, Culture=neutral, PublicKeyToken=null" name="Can_Return_Posts_By_Category_Name_Page_1" />
    </UnitTest>
    <UnitTest name="Can_Get_A_Single_Page" storage="c:\users\karthik\documents\visual studio 2010\projects\sblog.net\sblog.net.tests\bin\debug\sblog.net.tests.dll" id="72d1e3ff-7a42-f810-798f-0225b5525c5e">
      <Execution id="15114f2c-8b7f-459f-82d0-984780b476d5" />
      <TestMethod codeBase="C:/Users/Karthik/Documents/Visual Studio 2010/Projects/sBlog.Net/sBlog.Net.Tests/bin/Debug/sBlog.Net.Tests.DLL" adapterTypeName="Microsoft.VisualStudio.TestTools.TestTypes.Unit.UnitTestAdapter, Microsoft.VisualStudio.QualityTools.Tips.UnitTest.Adapter, Version=10.0.0.0, Culture=neutral, PublicKeyToken=b03f5f7f11d50a3a" className="sBlog.Net.Tests.Controllers.ViewPageControllerTests, sBlog.Net.Tests, Version=1.0.0.0, Culture=neutral, PublicKeyToken=null" name="Can_Get_A_Single_Page" />
    </UnitTest>
    <UnitTest name="Can_Process_Comment_When_Akistmet_Is_Enabled_And_Delete_Is_Disabled_Spam" storage="c:\users\karthik\documents\visual studio 2010\projects\sblog.net\sblog.net.tests\bin\debug\sblog.net.tests.dll" id="2198a204-bf2d-39a0-5e6f-12448739fd1c">
      <Execution id="61aabae3-54b0-45f1-8e50-023306160620" />
      <TestMethod codeBase="C:/Users/Karthik/Documents/Visual Studio 2010/Projects/sBlog.Net/sBlog.Net.Tests/bin/Debug/sBlog.Net.Tests.DLL" adapterTypeName="Microsoft.VisualStudio.TestTools.TestTypes.Unit.UnitTestAdapter, Microsoft.VisualStudio.QualityTools.Tips.UnitTest.Adapter, Version=10.0.0.0, Culture=neutral, PublicKeyToken=b03f5f7f11d50a3a" className="sBlog.Net.Tests.AkismetTests.CommentProcessorPipelineTests, sBlog.Net.Tests, Version=1.0.0.0, Culture=neutral, PublicKeyToken=null" name="Can_Process_Comment_When_Akistmet_Is_Enabled_And_Delete_Is_Disabled_Spam" />
    </UnitTest>
    <UnitTest name="Can_Generate_Possibilities_For_Various_Brushes" storage="c:\users\karthik\documents\visual studio 2010\projects\sblog.net\sblog.net.tests\bin\debug\sblog.net.tests.dll" id="59c16d45-96db-5b58-ecb3-d7de4acb0e54">
      <Execution id="98b48a63-ab53-42dc-bb88-37021c39196f" />
      <TestMethod codeBase="C:/Users/Karthik/Documents/Visual Studio 2010/Projects/sBlog.Net/sBlog.Net.Tests/bin/Debug/sBlog.Net.Tests.DLL" adapterTypeName="Microsoft.VisualStudio.TestTools.TestTypes.Unit.UnitTestAdapter, Microsoft.VisualStudio.QualityTools.Tips.UnitTest.Adapter, Version=10.0.0.0, Culture=neutral, PublicKeyToken=b03f5f7f11d50a3a" className="sBlog.Net.Tests.PostShortCodeManager.PostShortCodeManagerTests, sBlog.Net.Tests, Version=1.0.0.0, Culture=neutral, PublicKeyToken=null" name="Can_Generate_Possibilities_For_Various_Brushes" />
    </UnitTest>
    <UnitTest name="Can_Return_Posts_By_Category_Name_Page_1_Authenticated" storage="c:\users\karthik\documents\visual studio 2010\projects\sblog.net\sblog.net.tests\bin\debug\sblog.net.tests.dll" id="5e3915d7-d82f-24cf-ebe5-f837610472f0">
      <Execution id="78286ace-53be-4cf2-aa86-3c586be1981e" />
      <TestMethod codeBase="C:/Users/Karthik/Documents/Visual Studio 2010/Projects/sBlog.Net/sBlog.Net.Tests/bin/Debug/sBlog.Net.Tests.DLL" adapterTypeName="Microsoft.VisualStudio.TestTools.TestTypes.Unit.UnitTestAdapter, Microsoft.VisualStudio.QualityTools.Tips.UnitTest.Adapter, Version=10.0.0.0, Culture=neutral, PublicKeyToken=b03f5f7f11d50a3a" className="sBlog.Net.Tests.Controllers.HomeControllerTests, sBlog.Net.Tests, Version=1.0.0.0, Culture=neutral, PublicKeyToken=null" name="Can_Return_Posts_By_Category_Name_Page_1_Authenticated" />
    </UnitTest>
    <UnitTest name="Can_Generate_Slug_For_Non_Duplicate_Url_4" storage="c:\users\karthik\documents\visual studio 2010\projects\sblog.net\sblog.net.tests\bin\debug\sblog.net.tests.dll" id="832765d3-7304-0623-1304-f2e1a07c8a9f">
      <Execution id="4668a295-3000-4aef-91f4-b72645057b34" />
      <TestMethod codeBase="C:/Users/Karthik/Documents/Visual Studio 2010/Projects/sBlog.Net/sBlog.Net.Tests/bin/Debug/sBlog.Net.Tests.DLL" adapterTypeName="Microsoft.VisualStudio.TestTools.TestTypes.Unit.UnitTestAdapter, Microsoft.VisualStudio.QualityTools.Tips.UnitTest.Adapter, Version=10.0.0.0, Culture=neutral, PublicKeyToken=b03f5f7f11d50a3a" className="sBlog.Net.Tests.Generators.UniqueUrlGeneratorTests, sBlog.Net.Tests, Version=1.0.0.0, Culture=neutral, PublicKeyToken=null" name="Can_Generate_Slug_For_Non_Duplicate_Url_4" />
    </UnitTest>
    <UnitTest name="Can_Return_Posts_By_Tag_Name_Page_1_Authenticated" storage="c:\users\karthik\documents\visual studio 2010\projects\sblog.net\sblog.net.tests\bin\debug\sblog.net.tests.dll" id="20c8faec-30cc-bbca-3ae1-6f88683393c3">
      <Execution id="bdcb8b30-cbf7-445e-b8ef-15651becfd37" />
      <TestMethod codeBase="C:/Users/Karthik/Documents/Visual Studio 2010/Projects/sBlog.Net/sBlog.Net.Tests/bin/Debug/sBlog.Net.Tests.DLL" adapterTypeName="Microsoft.VisualStudio.TestTools.TestTypes.Unit.UnitTestAdapter, Microsoft.VisualStudio.QualityTools.Tips.UnitTest.Adapter, Version=10.0.0.0, Culture=neutral, PublicKeyToken=b03f5f7f11d50a3a" className="sBlog.Net.Tests.Controllers.HomeControllerTests, sBlog.Net.Tests, Version=1.0.0.0, Culture=neutral, PublicKeyToken=null" name="Can_Return_Posts_By_Tag_Name_Page_1_Authenticated" />
    </UnitTest>
    <UnitTest name="Can_Generate_CSharp_Possiblity" storage="c:\users\karthik\documents\visual studio 2010\projects\sblog.net\sblog.net.tests\bin\debug\sblog.net.tests.dll" id="24dc03ef-d6e9-1a7f-c40a-fc1bedcc44a1">
      <Execution id="0a9b127e-8232-4abc-a886-36af453e422e" />
      <TestMethod codeBase="C:/Users/Karthik/Documents/Visual Studio 2010/Projects/sBlog.Net/sBlog.Net.Tests/bin/Debug/sBlog.Net.Tests.DLL" adapterTypeName="Microsoft.VisualStudio.TestTools.TestTypes.Unit.UnitTestAdapter, Microsoft.VisualStudio.QualityTools.Tips.UnitTest.Adapter, Version=10.0.0.0, Culture=neutral, PublicKeyToken=b03f5f7f11d50a3a" className="sBlog.Net.Tests.PostShortCodeManager.PostShortCodeManagerTests, sBlog.Net.Tests, Version=1.0.0.0, Culture=neutral, PublicKeyToken=null" name="Can_Generate_CSharp_Possiblity" />
    </UnitTest>
    <UnitTest name="Can_Return_Posts_By_Tag_Name_Page_2" storage="c:\users\karthik\documents\visual studio 2010\projects\sblog.net\sblog.net.tests\bin\debug\sblog.net.tests.dll" id="9ffc2a7d-085e-c218-8cdd-b685d5726075">
      <Execution id="996154cf-169b-49ff-99cc-76487c76d1a0" />
      <TestMethod codeBase="C:/Users/Karthik/Documents/Visual Studio 2010/Projects/sBlog.Net/sBlog.Net.Tests/bin/Debug/sBlog.Net.Tests.DLL" adapterTypeName="Microsoft.VisualStudio.TestTools.TestTypes.Unit.UnitTestAdapter, Microsoft.VisualStudio.QualityTools.Tips.UnitTest.Adapter, Version=10.0.0.0, Culture=neutral, PublicKeyToken=b03f5f7f11d50a3a" className="sBlog.Net.Tests.Controllers.HomeControllerTests, sBlog.Net.Tests, Version=1.0.0.0, Culture=neutral, PublicKeyToken=null" name="Can_Return_Posts_By_Tag_Name_Page_2" />
    </UnitTest>
    <UnitTest name="Can_Generate_Other_Pages" storage="c:\users\karthik\documents\visual studio 2010\projects\sblog.net\sblog.net.tests\bin\debug\sblog.net.tests.dll" id="01592928-e5de-0f6a-bd5f-19eab5b0ffb0">
      <Execution id="910f61c9-1232-472d-abcb-55371c320a19" />
      <TestMethod codeBase="C:/Users/Karthik/Documents/Visual Studio 2010/Projects/sBlog.Net/sBlog.Net.Tests/bin/Debug/sBlog.Net.Tests.DLL" adapterTypeName="Microsoft.VisualStudio.TestTools.TestTypes.Unit.UnitTestAdapter, Microsoft.VisualStudio.QualityTools.Tips.UnitTest.Adapter, Version=10.0.0.0, Culture=neutral, PublicKeyToken=b03f5f7f11d50a3a" className="sBlog.Net.Tests.Controllers.ViewPageControllerTests, sBlog.Net.Tests, Version=1.0.0.0, Culture=neutral, PublicKeyToken=null" name="Can_Generate_Other_Pages" />
    </UnitTest>
    <UnitTest name="Verification" storage="c:\users\karthik\documents\visual studio 2010\projects\sblog.net\sblog.net.tests\bin\debug\sblog.net.tests.dll" id="c554fedc-8c57-f2c0-4fe2-05346ebe126c">
      <Execution id="9458ee60-520f-49d0-867c-4b5157a01b7e" />
      <TestMethod codeBase="C:/Users/Karthik/Documents/Visual Studio 2010/Projects/sBlog.Net/sBlog.Net.Tests/bin/Debug/sBlog.Net.Tests.DLL" adapterTypeName="Microsoft.VisualStudio.TestTools.TestTypes.Unit.UnitTestAdapter, Microsoft.VisualStudio.QualityTools.Tips.UnitTest.Adapter, Version=10.0.0.0, Culture=neutral, PublicKeyToken=b03f5f7f11d50a3a" className="sBlog.Net.Tests.AkismetTests.AkismetTest, sBlog.Net.Tests, Version=1.0.0.0, Culture=neutral, PublicKeyToken=null" name="Verification" />
    </UnitTest>
    <UnitTest name="Can_Return_Posts_By_Category_Name_Page_3_Authenticated" storage="c:\users\karthik\documents\visual studio 2010\projects\sblog.net\sblog.net.tests\bin\debug\sblog.net.tests.dll" id="90df268b-9c76-6076-1bdc-999157831b01">
      <Execution id="4a3072b3-05b5-4493-9f5f-0d6f7f1125c9" />
      <TestMethod codeBase="C:/Users/Karthik/Documents/Visual Studio 2010/Projects/sBlog.Net/sBlog.Net.Tests/bin/Debug/sBlog.Net.Tests.DLL" adapterTypeName="Microsoft.VisualStudio.TestTools.TestTypes.Unit.UnitTestAdapter, Microsoft.VisualStudio.QualityTools.Tips.UnitTest.Adapter, Version=10.0.0.0, Culture=neutral, PublicKeyToken=b03f5f7f11d50a3a" className="sBlog.Net.Tests.Controllers.HomeControllerTests, sBlog.Net.Tests, Version=1.0.0.0, Culture=neutral, PublicKeyToken=null" name="Can_Return_Posts_By_Category_Name_Page_3_Authenticated" />
    </UnitTest>
    <UnitTest name="Can_Return_Posts_By_Category_Name_Page_2_Authenticated" storage="c:\users\karthik\documents\visual studio 2010\projects\sblog.net\sblog.net.tests\bin\debug\sblog.net.tests.dll" id="4252a139-3089-073b-9b10-ef071ba02a53">
      <Execution id="609b1cec-883a-410c-8eb0-6bacc9f5ae23" />
      <TestMethod codeBase="C:/Users/Karthik/Documents/Visual Studio 2010/Projects/sBlog.Net/sBlog.Net.Tests/bin/Debug/sBlog.Net.Tests.DLL" adapterTypeName="Microsoft.VisualStudio.TestTools.TestTypes.Unit.UnitTestAdapter, Microsoft.VisualStudio.QualityTools.Tips.UnitTest.Adapter, Version=10.0.0.0, Culture=neutral, PublicKeyToken=b03f5f7f11d50a3a" className="sBlog.Net.Tests.Controllers.HomeControllerTests, sBlog.Net.Tests, Version=1.0.0.0, Culture=neutral, PublicKeyToken=null" name="Can_Return_Posts_By_Category_Name_Page_2_Authenticated" />
    </UnitTest>
    <UnitTest name="Can_Generate_Slug_For_Duplicate_8" storage="c:\users\karthik\documents\visual studio 2010\projects\sblog.net\sblog.net.tests\bin\debug\sblog.net.tests.dll" id="19d26f56-175f-ff18-e728-a8c19e7164d0">
      <Execution id="09dc34ee-35e1-4397-ba7c-d128bc19a1bb" />
      <TestMethod codeBase="C:/Users/Karthik/Documents/Visual Studio 2010/Projects/sBlog.Net/sBlog.Net.Tests/bin/Debug/sBlog.Net.Tests.DLL" adapterTypeName="Microsoft.VisualStudio.TestTools.TestTypes.Unit.UnitTestAdapter, Microsoft.VisualStudio.QualityTools.Tips.UnitTest.Adapter, Version=10.0.0.0, Culture=neutral, PublicKeyToken=b03f5f7f11d50a3a" className="sBlog.Net.Tests.Generators.SlugGeneratorTests, sBlog.Net.Tests, Version=1.0.0.0, Culture=neutral, PublicKeyToken=null" name="Can_Generate_Slug_For_Duplicate_8" />
    </UnitTest>
    <UnitTest name="Can_Generate_The_Expected_Hasher" storage="c:\users\karthik\documents\visual studio 2010\projects\sblog.net\sblog.net.tests\bin\debug\sblog.net.tests.dll" id="1974e67d-5e78-e847-01b3-e32aa28ba117">
      <Execution id="c812d995-ed5f-40f3-8701-8ebd14721dde" />
      <TestMethod codeBase="C:/Users/Karthik/Documents/Visual Studio 2010/Projects/sBlog.Net/sBlog.Net.Tests/bin/Debug/sBlog.Net.Tests.DLL" adapterTypeName="Microsoft.VisualStudio.TestTools.TestTypes.Unit.UnitTestAdapter, Microsoft.VisualStudio.QualityTools.Tips.UnitTest.Adapter, Version=10.0.0.0, Culture=neutral, PublicKeyToken=b03f5f7f11d50a3a" className="sBlog.Net.Tests.Hasher.HasherTests, sBlog.Net.Tests, Version=1.0.0.0, Culture=neutral, PublicKeyToken=null" name="Can_Generate_The_Expected_Hasher" />
    </UnitTest>
    <UnitTest name="Path_Mapper_Can_Identify_A_Folder" storage="c:\users\karthik\documents\visual studio 2010\projects\sblog.net\sblog.net.tests\bin\debug\sblog.net.tests.dll" id="ae9b26a5-6b7b-7099-0678-55d3f1c04b09">
      <Execution id="5375ee29-2d84-4908-866a-1f673c80008f" />
      <TestMethod codeBase="C:/Users/Karthik/Documents/Visual Studio 2010/Projects/sBlog.Net/sBlog.Net.Tests/bin/Debug/sBlog.Net.Tests.DLL" adapterTypeName="Microsoft.VisualStudio.TestTools.TestTypes.Unit.UnitTestAdapter, Microsoft.VisualStudio.QualityTools.Tips.UnitTest.Adapter, Version=10.0.0.0, Culture=neutral, PublicKeyToken=b03f5f7f11d50a3a" className="sBlog.Net.Tests.PostShortCodeManager.PostShortCodeManagerTests, sBlog.Net.Tests, Version=1.0.0.0, Culture=neutral, PublicKeyToken=null" name="Path_Mapper_Can_Identify_A_Folder" />
    </UnitTest>
    <UnitTest name="Can_Return_Posts_By_Year_Month_Page_Two" storage="c:\users\karthik\documents\visual studio 2010\projects\sblog.net\sblog.net.tests\bin\debug\sblog.net.tests.dll" id="be0f747f-a73f-9fee-7373-67b77d206e28">
      <Execution id="83cad0fb-6b4f-4832-a64f-b8981efbfdff" />
      <TestMethod codeBase="C:/Users/Karthik/Documents/Visual Studio 2010/Projects/sBlog.Net/sBlog.Net.Tests/bin/Debug/sBlog.Net.Tests.DLL" adapterTypeName="Microsoft.VisualStudio.TestTools.TestTypes.Unit.UnitTestAdapter, Microsoft.VisualStudio.QualityTools.Tips.UnitTest.Adapter, Version=10.0.0.0, Culture=neutral, PublicKeyToken=b03f5f7f11d50a3a" className="sBlog.Net.Tests.Controllers.HomeControllerTests, sBlog.Net.Tests, Version=1.0.0.0, Culture=neutral, PublicKeyToken=null" name="Can_Return_Posts_By_Year_Month_Page_Two" />
    </UnitTest>
    <UnitTest name="Can_Generate_Slug_For_Duplicate" storage="c:\users\karthik\documents\visual studio 2010\projects\sblog.net\sblog.net.tests\bin\debug\sblog.net.tests.dll" id="94006d52-a543-1396-184e-7b0a53ec4aac">
      <Execution id="89eb02eb-be80-4335-afb3-ca4f3f622310" />
      <TestMethod codeBase="C:/Users/Karthik/Documents/Visual Studio 2010/Projects/sBlog.Net/sBlog.Net.Tests/bin/Debug/sBlog.Net.Tests.DLL" adapterTypeName="Microsoft.VisualStudio.TestTools.TestTypes.Unit.UnitTestAdapter, Microsoft.VisualStudio.QualityTools.Tips.UnitTest.Adapter, Version=10.0.0.0, Culture=neutral, PublicKeyToken=b03f5f7f11d50a3a" className="sBlog.Net.Tests.Generators.SlugGeneratorTests, sBlog.Net.Tests, Version=1.0.0.0, Culture=neutral, PublicKeyToken=null" name="Can_Generate_Slug_For_Duplicate" />
    </UnitTest>
    <UnitTest name="Can_Generate_Slug_For_Duplicate_6" storage="c:\users\karthik\documents\visual studio 2010\projects\sblog.net\sblog.net.tests\bin\debug\sblog.net.tests.dll" id="9737fcf0-5932-1c8c-7f99-ed9d76589e1f">
      <Execution id="5d2c4847-2549-442a-8690-3a6574697b1e" />
      <TestMethod codeBase="C:/Users/Karthik/Documents/Visual Studio 2010/Projects/sBlog.Net/sBlog.Net.Tests/bin/Debug/sBlog.Net.Tests.DLL" adapterTypeName="Microsoft.VisualStudio.TestTools.TestTypes.Unit.UnitTestAdapter, Microsoft.VisualStudio.QualityTools.Tips.UnitTest.Adapter, Version=10.0.0.0, Culture=neutral, PublicKeyToken=b03f5f7f11d50a3a" className="sBlog.Net.Tests.Generators.SlugGeneratorTests, sBlog.Net.Tests, Version=1.0.0.0, Culture=neutral, PublicKeyToken=null" name="Can_Generate_Slug_For_Duplicate_6" />
    </UnitTest>
    <UnitTest name="Can_Generate_Slug_For_Duplicate_4" storage="c:\users\karthik\documents\visual studio 2010\projects\sblog.net\sblog.net.tests\bin\debug\sblog.net.tests.dll" id="30e0f86d-d184-436d-7a18-bc502d691500">
      <Execution id="3ab29749-81f9-4471-9b7c-3b83105ce645" />
      <TestMethod codeBase="C:/Users/Karthik/Documents/Visual Studio 2010/Projects/sBlog.Net/sBlog.Net.Tests/bin/Debug/sBlog.Net.Tests.DLL" adapterTypeName="Microsoft.VisualStudio.TestTools.TestTypes.Unit.UnitTestAdapter, Microsoft.VisualStudio.QualityTools.Tips.UnitTest.Adapter, Version=10.0.0.0, Culture=neutral, PublicKeyToken=b03f5f7f11d50a3a" className="sBlog.Net.Tests.Generators.SlugGeneratorTests, sBlog.Net.Tests, Version=1.0.0.0, Culture=neutral, PublicKeyToken=null" name="Can_Generate_Slug_For_Duplicate_4" />
    </UnitTest>
    <UnitTest name="Can_Generate_Slug_For_Text_With_Hyphen_2" storage="c:\users\karthik\documents\visual studio 2010\projects\sblog.net\sblog.net.tests\bin\debug\sblog.net.tests.dll" id="81f824b8-da50-7515-dfc6-340d452b19c6">
      <Execution id="d40a7b45-41a5-4372-af14-237ff4a5421f" />
      <TestMethod codeBase="C:/Users/Karthik/Documents/Visual Studio 2010/Projects/sBlog.Net/sBlog.Net.Tests/bin/Debug/sBlog.Net.Tests.DLL" adapterTypeName="Microsoft.VisualStudio.TestTools.TestTypes.Unit.UnitTestAdapter, Microsoft.VisualStudio.QualityTools.Tips.UnitTest.Adapter, Version=10.0.0.0, Culture=neutral, PublicKeyToken=b03f5f7f11d50a3a" className="sBlog.Net.Tests.Generators.SlugGeneratorTests, sBlog.Net.Tests, Version=1.0.0.0, Culture=neutral, PublicKeyToken=null" name="Can_Generate_Slug_For_Text_With_Hyphen_2" />
    </UnitTest>
    <UnitTest name="Can_Generate_Slug_For_Duplicate_3" storage="c:\users\karthik\documents\visual studio 2010\projects\sblog.net\sblog.net.tests\bin\debug\sblog.net.tests.dll" id="18683023-32ae-298c-7f87-8b03f2f33135">
      <Execution id="b59213d4-d544-4f5c-bcea-dfeb87953d9d" />
      <TestMethod codeBase="C:/Users/Karthik/Documents/Visual Studio 2010/Projects/sBlog.Net/sBlog.Net.Tests/bin/Debug/sBlog.Net.Tests.DLL" adapterTypeName="Microsoft.VisualStudio.TestTools.TestTypes.Unit.UnitTestAdapter, Microsoft.VisualStudio.QualityTools.Tips.UnitTest.Adapter, Version=10.0.0.0, Culture=neutral, PublicKeyToken=b03f5f7f11d50a3a" className="sBlog.Net.Tests.Generators.SlugGeneratorTests, sBlog.Net.Tests, Version=1.0.0.0, Culture=neutral, PublicKeyToken=null" name="Can_Generate_Slug_For_Duplicate_3" />
    </UnitTest>
    <UnitTest name="Can_Return_Posts_By_Tag_Name_Page_2_Authenticated" storage="c:\users\karthik\documents\visual studio 2010\projects\sblog.net\sblog.net.tests\bin\debug\sblog.net.tests.dll" id="19e19c32-58cc-0717-0d15-8083da480919">
      <Execution id="9952a396-6279-463f-a822-e9bf72f29c28" />
      <TestMethod codeBase="C:/Users/Karthik/Documents/Visual Studio 2010/Projects/sBlog.Net/sBlog.Net.Tests/bin/Debug/sBlog.Net.Tests.DLL" adapterTypeName="Microsoft.VisualStudio.TestTools.TestTypes.Unit.UnitTestAdapter, Microsoft.VisualStudio.QualityTools.Tips.UnitTest.Adapter, Version=10.0.0.0, Culture=neutral, PublicKeyToken=b03f5f7f11d50a3a" className="sBlog.Net.Tests.Controllers.HomeControllerTests, sBlog.Net.Tests, Version=1.0.0.0, Culture=neutral, PublicKeyToken=null" name="Can_Return_Posts_By_Tag_Name_Page_2_Authenticated" />
    </UnitTest>
    <UnitTest name="Can_Get_A_Single_Page_Private" storage="c:\users\karthik\documents\visual studio 2010\projects\sblog.net\sblog.net.tests\bin\debug\sblog.net.tests.dll" id="3bb1e4b8-49e8-22ae-5018-1f1d51168c76">
      <Execution id="33744900-eff0-4b01-8eaa-6fcd4f55de72" />
      <TestMethod codeBase="C:/Users/Karthik/Documents/Visual Studio 2010/Projects/sBlog.Net/sBlog.Net.Tests/bin/Debug/sBlog.Net.Tests.DLL" adapterTypeName="Microsoft.VisualStudio.TestTools.TestTypes.Unit.UnitTestAdapter, Microsoft.VisualStudio.QualityTools.Tips.UnitTest.Adapter, Version=10.0.0.0, Culture=neutral, PublicKeyToken=b03f5f7f11d50a3a" className="sBlog.Net.Tests.Controllers.ViewPageControllerTests, sBlog.Net.Tests, Version=1.0.0.0, Culture=neutral, PublicKeyToken=null" name="Can_Get_A_Single_Page_Private" />
    </UnitTest>
    <UnitTest name="Can_Generate_Slug_For_Non_Duplicate_Url_3" storage="c:\users\karthik\documents\visual studio 2010\projects\sblog.net\sblog.net.tests\bin\debug\sblog.net.tests.dll" id="aaa6240a-912d-e2ee-b519-bbb8c5cd5735">
      <Execution id="00aeb54e-e349-473f-aedd-45d4d797641f" />
      <TestMethod codeBase="C:/Users/Karthik/Documents/Visual Studio 2010/Projects/sBlog.Net/sBlog.Net.Tests/bin/Debug/sBlog.Net.Tests.DLL" adapterTypeName="Microsoft.VisualStudio.TestTools.TestTypes.Unit.UnitTestAdapter, Microsoft.VisualStudio.QualityTools.Tips.UnitTest.Adapter, Version=10.0.0.0, Culture=neutral, PublicKeyToken=b03f5f7f11d50a3a" className="sBlog.Net.Tests.Generators.UniqueUrlGeneratorTests, sBlog.Net.Tests, Version=1.0.0.0, Culture=neutral, PublicKeyToken=null" name="Can_Generate_Slug_For_Non_Duplicate_Url_3" />
    </UnitTest>
    <UnitTest name="Can_Generate_Other_Pages_Authenticated" storage="c:\users\karthik\documents\visual studio 2010\projects\sblog.net\sblog.net.tests\bin\debug\sblog.net.tests.dll" id="f7a24aaa-aa41-f3bf-4109-b5d13577b744">
      <Execution id="43aa373b-c535-446d-8f87-9821fa49e297" />
      <TestMethod codeBase="C:/Users/Karthik/Documents/Visual Studio 2010/Projects/sBlog.Net/sBlog.Net.Tests/bin/Debug/sBlog.Net.Tests.DLL" adapterTypeName="Microsoft.VisualStudio.TestTools.TestTypes.Unit.UnitTestAdapter, Microsoft.VisualStudio.QualityTools.Tips.UnitTest.Adapter, Version=10.0.0.0, Culture=neutral, PublicKeyToken=b03f5f7f11d50a3a" className="sBlog.Net.Tests.Controllers.ViewPageControllerTests, sBlog.Net.Tests, Version=1.0.0.0, Culture=neutral, PublicKeyToken=null" name="Can_Generate_Other_Pages_Authenticated" />
    </UnitTest>
    <UnitTest name="Can_Generate_Slug_For_Non_Duplicate_Url_2" storage="c:\users\karthik\documents\visual studio 2010\projects\sblog.net\sblog.net.tests\bin\debug\sblog.net.tests.dll" id="3766303b-a509-888b-db32-e82cef294c08">
      <Execution id="e3fa06f5-613c-4849-97e4-e84d1b7fd07f" />
      <TestMethod codeBase="C:/Users/Karthik/Documents/Visual Studio 2010/Projects/sBlog.Net/sBlog.Net.Tests/bin/Debug/sBlog.Net.Tests.DLL" adapterTypeName="Microsoft.VisualStudio.TestTools.TestTypes.Unit.UnitTestAdapter, Microsoft.VisualStudio.QualityTools.Tips.UnitTest.Adapter, Version=10.0.0.0, Culture=neutral, PublicKeyToken=b03f5f7f11d50a3a" className="sBlog.Net.Tests.Generators.UniqueUrlGeneratorTests, sBlog.Net.Tests, Version=1.0.0.0, Culture=neutral, PublicKeyToken=null" name="Can_Generate_Slug_For_Non_Duplicate_Url_2" />
    </UnitTest>
    <UnitTest name="Can_Generate_Slug_For_Text_With_Hyphen" storage="c:\users\karthik\documents\visual studio 2010\projects\sblog.net\sblog.net.tests\bin\debug\sblog.net.tests.dll" id="c2697b30-5b3c-3d66-2add-e0d99eb13318">
      <Execution id="cb704f74-c0d3-4e4d-a7e3-815c3ac42d99" />
      <TestMethod codeBase="C:/Users/Karthik/Documents/Visual Studio 2010/Projects/sBlog.Net/sBlog.Net.Tests/bin/Debug/sBlog.Net.Tests.DLL" adapterTypeName="Microsoft.VisualStudio.TestTools.TestTypes.Unit.UnitTestAdapter, Microsoft.VisualStudio.QualityTools.Tips.UnitTest.Adapter, Version=10.0.0.0, Culture=neutral, PublicKeyToken=b03f5f7f11d50a3a" className="sBlog.Net.Tests.Generators.SlugGeneratorTests, sBlog.Net.Tests, Version=1.0.0.0, Culture=neutral, PublicKeyToken=null" name="Can_Generate_Slug_For_Text_With_Hyphen" />
    </UnitTest>
    <UnitTest name="Can_Generate_Slug_For_Duplicate_Url_1_Edit" storage="c:\users\karthik\documents\visual studio 2010\projects\sblog.net\sblog.net.tests\bin\debug\sblog.net.tests.dll" id="f095abca-49b9-b11b-8e31-f4852472710c">
      <Execution id="97fbc361-ca41-4ec3-af4a-1dad129964fa" />
      <TestMethod codeBase="C:/Users/Karthik/Documents/Visual Studio 2010/Projects/sBlog.Net/sBlog.Net.Tests/bin/Debug/sBlog.Net.Tests.DLL" adapterTypeName="Microsoft.VisualStudio.TestTools.TestTypes.Unit.UnitTestAdapter, Microsoft.VisualStudio.QualityTools.Tips.UnitTest.Adapter, Version=10.0.0.0, Culture=neutral, PublicKeyToken=b03f5f7f11d50a3a" className="sBlog.Net.Tests.Generators.UniqueUrlGeneratorTests, sBlog.Net.Tests, Version=1.0.0.0, Culture=neutral, PublicKeyToken=null" name="Can_Generate_Slug_For_Duplicate_Url_1_Edit" />
    </UnitTest>
    <UnitTest name="Can_Process_Comment_When_Akistmet_Is_Enabled_And_Delete_Is_Enabled_Spam" storage="c:\users\karthik\documents\visual studio 2010\projects\sblog.net\sblog.net.tests\bin\debug\sblog.net.tests.dll" id="2ca56d6a-1cfd-94c6-8ea1-fdc87213a40b">
      <Execution id="f48415f3-48bc-4d8c-9d5e-d57593a2d0af" />
      <TestMethod codeBase="C:/Users/Karthik/Documents/Visual Studio 2010/Projects/sBlog.Net/sBlog.Net.Tests/bin/Debug/sBlog.Net.Tests.DLL" adapterTypeName="Microsoft.VisualStudio.TestTools.TestTypes.Unit.UnitTestAdapter, Microsoft.VisualStudio.QualityTools.Tips.UnitTest.Adapter, Version=10.0.0.0, Culture=neutral, PublicKeyToken=b03f5f7f11d50a3a" className="sBlog.Net.Tests.AkismetTests.CommentProcessorPipelineTests, sBlog.Net.Tests, Version=1.0.0.0, Culture=neutral, PublicKeyToken=null" name="Can_Process_Comment_When_Akistmet_Is_Enabled_And_Delete_Is_Enabled_Spam" />
    </UnitTest>
    <UnitTest name="Can_Return_Posts_By_Year_Month_Authenticated" storage="c:\users\karthik\documents\visual studio 2010\projects\sblog.net\sblog.net.tests\bin\debug\sblog.net.tests.dll" id="bac29113-e4ce-d930-b577-4be854c98954">
      <Execution id="a2754e04-957f-4a11-80d2-4ddc3173ebfe" />
      <TestMethod codeBase="C:/Users/Karthik/Documents/Visual Studio 2010/Projects/sBlog.Net/sBlog.Net.Tests/bin/Debug/sBlog.Net.Tests.DLL" adapterTypeName="Microsoft.VisualStudio.TestTools.TestTypes.Unit.UnitTestAdapter, Microsoft.VisualStudio.QualityTools.Tips.UnitTest.Adapter, Version=10.0.0.0, Culture=neutral, PublicKeyToken=b03f5f7f11d50a3a" className="sBlog.Net.Tests.Controllers.HomeControllerTests, sBlog.Net.Tests, Version=1.0.0.0, Culture=neutral, PublicKeyToken=null" name="Can_Return_Posts_By_Year_Month_Authenticated" />
    </UnitTest>
    <UnitTest name="Can_Process_Comment_When_Akistmet_Is_Enabled_And_Delete_Is_Enabled_Ham" storage="c:\users\karthik\documents\visual studio 2010\projects\sblog.net\sblog.net.tests\bin\debug\sblog.net.tests.dll" id="5d9f7d99-51b4-b92d-2b99-1274bff77104">
      <Execution id="02b6755a-1af3-4db4-8160-06dae07fd445" />
      <TestMethod codeBase="C:/Users/Karthik/Documents/Visual Studio 2010/Projects/sBlog.Net/sBlog.Net.Tests/bin/Debug/sBlog.Net.Tests.DLL" adapterTypeName="Microsoft.VisualStudio.TestTools.TestTypes.Unit.UnitTestAdapter, Microsoft.VisualStudio.QualityTools.Tips.UnitTest.Adapter, Version=10.0.0.0, Culture=neutral, PublicKeyToken=b03f5f7f11d50a3a" className="sBlog.Net.Tests.AkismetTests.CommentProcessorPipelineTests, sBlog.Net.Tests, Version=1.0.0.0, Culture=neutral, PublicKeyToken=null" name="Can_Process_Comment_When_Akistmet_Is_Enabled_And_Delete_Is_Enabled_Ham" />
    </UnitTest>
    <UnitTest name="NonSpamTest" storage="c:\users\karthik\documents\visual studio 2010\projects\sblog.net\sblog.net.tests\bin\debug\sblog.net.tests.dll" id="53b62dfa-c860-eb6f-60c5-e040faf54275">
      <Execution id="e56b595b-fab7-4dc9-9e2c-2f0481e76f9e" />
      <TestMethod codeBase="C:/Users/Karthik/Documents/Visual Studio 2010/Projects/sBlog.Net/sBlog.Net.Tests/bin/Debug/sBlog.Net.Tests.DLL" adapterTypeName="Microsoft.VisualStudio.TestTools.TestTypes.Unit.UnitTestAdapter, Microsoft.VisualStudio.QualityTools.Tips.UnitTest.Adapter, Version=10.0.0.0, Culture=neutral, PublicKeyToken=b03f5f7f11d50a3a" className="sBlog.Net.Tests.AkismetTests.AkismetTest, sBlog.Net.Tests, Version=1.0.0.0, Culture=neutral, PublicKeyToken=null" name="NonSpamTest" />
    </UnitTest>
    <UnitTest name="Can_Return_Posts_By_Year_Month" storage="c:\users\karthik\documents\visual studio 2010\projects\sblog.net\sblog.net.tests\bin\debug\sblog.net.tests.dll" id="7378b046-455d-061e-47dd-bd2b2df8997d">
      <Execution id="94846d34-5c37-49a2-a051-f1fe485bdde6" />
      <TestMethod codeBase="C:/Users/Karthik/Documents/Visual Studio 2010/Projects/sBlog.Net/sBlog.Net.Tests/bin/Debug/sBlog.Net.Tests.DLL" adapterTypeName="Microsoft.VisualStudio.TestTools.TestTypes.Unit.UnitTestAdapter, Microsoft.VisualStudio.QualityTools.Tips.UnitTest.Adapter, Version=10.0.0.0, Culture=neutral, PublicKeyToken=b03f5f7f11d50a3a" className="sBlog.Net.Tests.Controllers.HomeControllerTests, sBlog.Net.Tests, Version=1.0.0.0, Culture=neutral, PublicKeyToken=null" name="Can_Return_Posts_By_Year_Month" />
    </UnitTest>
    <UnitTest name="Can_Return_Posts_By_URL" storage="c:\users\karthik\documents\visual studio 2010\projects\sblog.net\sblog.net.tests\bin\debug\sblog.net.tests.dll" id="c884a035-314a-2855-1ee7-90cce387b618">
      <Execution id="e7d35f40-943a-47e6-a54d-f39e42ea0f55" />
      <TestMethod codeBase="C:/Users/Karthik/Documents/Visual Studio 2010/Projects/sBlog.Net/sBlog.Net.Tests/bin/Debug/sBlog.Net.Tests.DLL" adapterTypeName="Microsoft.VisualStudio.TestTools.TestTypes.Unit.UnitTestAdapter, Microsoft.VisualStudio.QualityTools.Tips.UnitTest.Adapter, Version=10.0.0.0, Culture=neutral, PublicKeyToken=b03f5f7f11d50a3a" className="sBlog.Net.Tests.Controllers.HomeControllerTests, sBlog.Net.Tests, Version=1.0.0.0, Culture=neutral, PublicKeyToken=null" name="Can_Return_Posts_By_URL" />
    </UnitTest>
    <UnitTest name="Can_Generate_Ruby_Possiblity" storage="c:\users\karthik\documents\visual studio 2010\projects\sblog.net\sblog.net.tests\bin\debug\sblog.net.tests.dll" id="0e4dcd15-9d02-8e83-be2e-5c0c624f7a66">
      <Execution id="f01a1f57-9643-430f-a21a-8d9e9196aaf1" />
      <TestMethod codeBase="C:/Users/Karthik/Documents/Visual Studio 2010/Projects/sBlog.Net/sBlog.Net.Tests/bin/Debug/sBlog.Net.Tests.DLL" adapterTypeName="Microsoft.VisualStudio.TestTools.TestTypes.Unit.UnitTestAdapter, Microsoft.VisualStudio.QualityTools.Tips.UnitTest.Adapter, Version=10.0.0.0, Culture=neutral, PublicKeyToken=b03f5f7f11d50a3a" className="sBlog.Net.Tests.PostShortCodeManager.PostShortCodeManagerTests, sBlog.Net.Tests, Version=1.0.0.0, Culture=neutral, PublicKeyToken=null" name="Can_Generate_Ruby_Possiblity" />
    </UnitTest>
    <UnitTest name="Can_Generate_Archive_Collection_With_Required_Month_And_Years" storage="c:\users\karthik\documents\visual studio 2010\projects\sblog.net\sblog.net.tests\bin\debug\sblog.net.tests.dll" id="d1bce698-2d1d-0f42-8b3b-4e284594f71f">
      <Execution id="e18c6581-139e-4130-aee4-1e2ccf9375b9" />
      <TestMethod codeBase="C:/Users/Karthik/Documents/Visual Studio 2010/Projects/sBlog.Net/sBlog.Net.Tests/bin/Debug/sBlog.Net.Tests.DLL" adapterTypeName="Microsoft.VisualStudio.TestTools.TestTypes.Unit.UnitTestAdapter, Microsoft.VisualStudio.QualityTools.Tips.UnitTest.Adapter, Version=10.0.0.0, Culture=neutral, PublicKeyToken=b03f5f7f11d50a3a" className="sBlog.Net.Tests.MockCollections.ArchiveCollectionTests, sBlog.Net.Tests, Version=1.0.0.0, Culture=neutral, PublicKeyToken=null" name="Can_Generate_Archive_Collection_With_Required_Month_And_Years" />
    </UnitTest>
    <UnitTest name="Can_Return_Posts_By_URL_Private_Owner" storage="c:\users\karthik\documents\visual studio 2010\projects\sblog.net\sblog.net.tests\bin\debug\sblog.net.tests.dll" id="55bd31c1-4e01-c471-4c12-b8dbab54858c">
      <Execution id="e05e11e3-03d3-4a98-81ed-b7e33a25fd2b" />
      <TestMethod codeBase="C:/Users/Karthik/Documents/Visual Studio 2010/Projects/sBlog.Net/sBlog.Net.Tests/bin/Debug/sBlog.Net.Tests.DLL" adapterTypeName="Microsoft.VisualStudio.TestTools.TestTypes.Unit.UnitTestAdapter, Microsoft.VisualStudio.QualityTools.Tips.UnitTest.Adapter, Version=10.0.0.0, Culture=neutral, PublicKeyToken=b03f5f7f11d50a3a" className="sBlog.Net.Tests.Controllers.HomeControllerTests, sBlog.Net.Tests, Version=1.0.0.0, Culture=neutral, PublicKeyToken=null" name="Can_Return_Posts_By_URL_Private_Owner" />
    </UnitTest>
    <UnitTest name="Can_Generate_Java_Possiblity" storage="c:\users\karthik\documents\visual studio 2010\projects\sblog.net\sblog.net.tests\bin\debug\sblog.net.tests.dll" id="cc40102f-704d-b190-d1a0-093358002f62">
      <Execution id="c25b7db7-0c0e-42de-b3f8-538340d56759" />
      <TestMethod codeBase="C:/Users/Karthik/Documents/Visual Studio 2010/Projects/sBlog.Net/sBlog.Net.Tests/bin/Debug/sBlog.Net.Tests.DLL" adapterTypeName="Microsoft.VisualStudio.TestTools.TestTypes.Unit.UnitTestAdapter, Microsoft.VisualStudio.QualityTools.Tips.UnitTest.Adapter, Version=10.0.0.0, Culture=neutral, PublicKeyToken=b03f5f7f11d50a3a" className="sBlog.Net.Tests.PostShortCodeManager.PostShortCodeManagerTests, sBlog.Net.Tests, Version=1.0.0.0, Culture=neutral, PublicKeyToken=null" name="Can_Generate_Java_Possiblity" />
    </UnitTest>
    <UnitTest name="Can_Generate_Slug_For_Duplicate_7" storage="c:\users\karthik\documents\visual studio 2010\projects\sblog.net\sblog.net.tests\bin\debug\sblog.net.tests.dll" id="86749505-d742-a6da-9c20-cad0de197389">
      <Execution id="a5cb5f06-0723-451f-b4ab-f098e9a6794c" />
      <TestMethod codeBase="C:/Users/Karthik/Documents/Visual Studio 2010/Projects/sBlog.Net/sBlog.Net.Tests/bin/Debug/sBlog.Net.Tests.DLL" adapterTypeName="Microsoft.VisualStudio.TestTools.TestTypes.Unit.UnitTestAdapter, Microsoft.VisualStudio.QualityTools.Tips.UnitTest.Adapter, Version=10.0.0.0, Culture=neutral, PublicKeyToken=b03f5f7f11d50a3a" className="sBlog.Net.Tests.Generators.SlugGeneratorTests, sBlog.Net.Tests, Version=1.0.0.0, Culture=neutral, PublicKeyToken=null" name="Can_Generate_Slug_For_Duplicate_7" />
    </UnitTest>
    <UnitTest name="Can_Generate_All_Pages" storage="c:\users\karthik\documents\visual studio 2010\projects\sblog.net\sblog.net.tests\bin\debug\sblog.net.tests.dll" id="961a384c-622a-4677-bcf9-9ece9a12d89e">
      <Execution id="559b3d3b-980c-4cc2-8008-222ccec463a0" />
      <TestMethod codeBase="C:/Users/Karthik/Documents/Visual Studio 2010/Projects/sBlog.Net/sBlog.Net.Tests/bin/Debug/sBlog.Net.Tests.DLL" adapterTypeName="Microsoft.VisualStudio.TestTools.TestTypes.Unit.UnitTestAdapter, Microsoft.VisualStudio.QualityTools.Tips.UnitTest.Adapter, Version=10.0.0.0, Culture=neutral, PublicKeyToken=b03f5f7f11d50a3a" className="sBlog.Net.Tests.Controllers.ViewPageControllerTests, sBlog.Net.Tests, Version=1.0.0.0, Culture=neutral, PublicKeyToken=null" name="Can_Generate_All_Pages" />
    </UnitTest>
    <UnitTest name="Can_Return_Posts_By_Year_Month_Page_Two_Authenticated" storage="c:\users\karthik\documents\visual studio 2010\projects\sblog.net\sblog.net.tests\bin\debug\sblog.net.tests.dll" id="231e3d4e-c2dc-0abc-1f30-71c490c89ddf">
      <Execution id="3e2a7e20-e1b1-4af2-8337-02139933fdcf" />
      <TestMethod codeBase="C:/Users/Karthik/Documents/Visual Studio 2010/Projects/sBlog.Net/sBlog.Net.Tests/bin/Debug/sBlog.Net.Tests.DLL" adapterTypeName="Microsoft.VisualStudio.TestTools.TestTypes.Unit.UnitTestAdapter, Microsoft.VisualStudio.QualityTools.Tips.UnitTest.Adapter, Version=10.0.0.0, Culture=neutral, PublicKeyToken=b03f5f7f11d50a3a" className="sBlog.Net.Tests.Controllers.HomeControllerTests, sBlog.Net.Tests, Version=1.0.0.0, Culture=neutral, PublicKeyToken=null" name="Can_Return_Posts_By_Year_Month_Page_Two_Authenticated" />
    </UnitTest>
    <UnitTest name="Can_Generate_Css_Possiblity" storage="c:\users\karthik\documents\visual studio 2010\projects\sblog.net\sblog.net.tests\bin\debug\sblog.net.tests.dll" id="f03c6dd5-e960-a131-5365-fd7d09214007">
      <Execution id="8fabd21a-c926-4ba0-a206-90a3472166b1" />
      <TestMethod codeBase="C:/Users/Karthik/Documents/Visual Studio 2010/Projects/sBlog.Net/sBlog.Net.Tests/bin/Debug/sBlog.Net.Tests.DLL" adapterTypeName="Microsoft.VisualStudio.TestTools.TestTypes.Unit.UnitTestAdapter, Microsoft.VisualStudio.QualityTools.Tips.UnitTest.Adapter, Version=10.0.0.0, Culture=neutral, PublicKeyToken=b03f5f7f11d50a3a" className="sBlog.Net.Tests.PostShortCodeManager.PostShortCodeManagerTests, sBlog.Net.Tests, Version=1.0.0.0, Culture=neutral, PublicKeyToken=null" name="Can_Generate_Css_Possiblity" />
    </UnitTest>
    <UnitTest name="Can_Generate_JScript_Possiblity" storage="c:\users\karthik\documents\visual studio 2010\projects\sblog.net\sblog.net.tests\bin\debug\sblog.net.tests.dll" id="93ce5530-0462-9bdc-3284-974c59c52f9f">
      <Execution id="9a5985e0-3bcc-4410-b4eb-22ca0190f1a0" />
      <TestMethod codeBase="C:/Users/Karthik/Documents/Visual Studio 2010/Projects/sBlog.Net/sBlog.Net.Tests/bin/Debug/sBlog.Net.Tests.DLL" adapterTypeName="Microsoft.VisualStudio.TestTools.TestTypes.Unit.UnitTestAdapter, Microsoft.VisualStudio.QualityTools.Tips.UnitTest.Adapter, Version=10.0.0.0, Culture=neutral, PublicKeyToken=b03f5f7f11d50a3a" className="sBlog.Net.Tests.PostShortCodeManager.PostShortCodeManagerTests, sBlog.Net.Tests, Version=1.0.0.0, Culture=neutral, PublicKeyToken=null" name="Can_Generate_JScript_Possiblity" />
    </UnitTest>
    <UnitTest name="SpamTest" storage="c:\users\karthik\documents\visual studio 2010\projects\sblog.net\sblog.net.tests\bin\debug\sblog.net.tests.dll" id="f379ac08-313b-a8d2-5b44-2e330f51f3fc">
      <Execution id="cf12c432-15d1-4a84-800c-35f8e6af98b9" />
      <TestMethod codeBase="C:/Users/Karthik/Documents/Visual Studio 2010/Projects/sBlog.Net/sBlog.Net.Tests/bin/Debug/sBlog.Net.Tests.DLL" adapterTypeName="Microsoft.VisualStudio.TestTools.TestTypes.Unit.UnitTestAdapter, Microsoft.VisualStudio.QualityTools.Tips.UnitTest.Adapter, Version=10.0.0.0, Culture=neutral, PublicKeyToken=b03f5f7f11d50a3a" className="sBlog.Net.Tests.AkismetTests.AkismetTest, sBlog.Net.Tests, Version=1.0.0.0, Culture=neutral, PublicKeyToken=null" name="SpamTest" />
    </UnitTest>
    <UnitTest name="Can_Generate_Slug_For_Duplicate_9" storage="c:\users\karthik\documents\visual studio 2010\projects\sblog.net\sblog.net.tests\bin\debug\sblog.net.tests.dll" id="cb624e79-6d34-32bf-7b3f-0bcbb43b4a9b">
      <Execution id="e4288334-0724-49e6-b720-e06f78de4208" />
      <TestMethod codeBase="C:/Users/Karthik/Documents/Visual Studio 2010/Projects/sBlog.Net/sBlog.Net.Tests/bin/Debug/sBlog.Net.Tests.DLL" adapterTypeName="Microsoft.VisualStudio.TestTools.TestTypes.Unit.UnitTestAdapter, Microsoft.VisualStudio.QualityTools.Tips.UnitTest.Adapter, Version=10.0.0.0, Culture=neutral, PublicKeyToken=b03f5f7f11d50a3a" className="sBlog.Net.Tests.Generators.SlugGeneratorTests, sBlog.Net.Tests, Version=1.0.0.0, Culture=neutral, PublicKeyToken=null" name="Can_Generate_Slug_For_Duplicate_9" />
    </UnitTest>
    <UnitTest name="Can_Generate_Slug_For_Duplicate_2" storage="c:\users\karthik\documents\visual studio 2010\projects\sblog.net\sblog.net.tests\bin\debug\sblog.net.tests.dll" id="bce27ffc-6ad4-8158-fe15-456497106f9d">
      <Execution id="e79ed9df-163a-4313-8c4f-41e139dabea3" />
      <TestMethod codeBase="C:/Users/Karthik/Documents/Visual Studio 2010/Projects/sBlog.Net/sBlog.Net.Tests/bin/Debug/sBlog.Net.Tests.DLL" adapterTypeName="Microsoft.VisualStudio.TestTools.TestTypes.Unit.UnitTestAdapter, Microsoft.VisualStudio.QualityTools.Tips.UnitTest.Adapter, Version=10.0.0.0, Culture=neutral, PublicKeyToken=b03f5f7f11d50a3a" className="sBlog.Net.Tests.Generators.SlugGeneratorTests, sBlog.Net.Tests, Version=1.0.0.0, Culture=neutral, PublicKeyToken=null" name="Can_Generate_Slug_For_Duplicate_2" />
    </UnitTest>
    <UnitTest name="Can_Generate_Slug_For_New_Tag" storage="c:\users\karthik\documents\visual studio 2010\projects\sblog.net\sblog.net.tests\bin\debug\sblog.net.tests.dll" id="a8fb68d2-b6b7-5034-b7f0-e5d4ad308b45">
      <Execution id="b422c0db-1507-400b-aaf4-9f7756815d08" />
      <TestMethod codeBase="C:/Users/Karthik/Documents/Visual Studio 2010/Projects/sBlog.Net/sBlog.Net.Tests/bin/Debug/sBlog.Net.Tests.DLL" adapterTypeName="Microsoft.VisualStudio.TestTools.TestTypes.Unit.UnitTestAdapter, Microsoft.VisualStudio.QualityTools.Tips.UnitTest.Adapter, Version=10.0.0.0, Culture=neutral, PublicKeyToken=b03f5f7f11d50a3a" className="sBlog.Net.Tests.Generators.SlugGeneratorTests, sBlog.Net.Tests, Version=1.0.0.0, Culture=neutral, PublicKeyToken=null" name="Can_Generate_Slug_For_New_Tag" />
    </UnitTest>
    <UnitTest name="Can_Return_First_Page_With_5_Items_Authenticated" storage="c:\users\karthik\documents\visual studio 2010\projects\sblog.net\sblog.net.tests\bin\debug\sblog.net.tests.dll" id="8062f765-3911-f3e2-9023-a37e768bd13b">
      <Execution id="200c45db-e513-4196-8e29-7390cfad7dd3" />
      <TestMethod codeBase="C:/Users/Karthik/Documents/Visual Studio 2010/Projects/sBlog.Net/sBlog.Net.Tests/bin/Debug/sBlog.Net.Tests.DLL" adapterTypeName="Microsoft.VisualStudio.TestTools.TestTypes.Unit.UnitTestAdapter, Microsoft.VisualStudio.QualityTools.Tips.UnitTest.Adapter, Version=10.0.0.0, Culture=neutral, PublicKeyToken=b03f5f7f11d50a3a" className="sBlog.Net.Tests.Controllers.HomeControllerTests, sBlog.Net.Tests, Version=1.0.0.0, Culture=neutral, PublicKeyToken=null" name="Can_Return_First_Page_With_5_Items_Authenticated" />
    </UnitTest>
    <UnitTest name="Can_Throw_Exception_For_Illegal_Access" storage="c:\users\karthik\documents\visual studio 2010\projects\sblog.net\sblog.net.tests\bin\debug\sblog.net.tests.dll" id="deb7b405-5e91-3e57-c8b4-0fa70ab2c861">
      <Execution id="5aa6ce46-afe6-4166-b753-05ef638aee3f" />
      <TestMethod codeBase="C:/Users/Karthik/Documents/Visual Studio 2010/Projects/sBlog.Net/sBlog.Net.Tests/bin/Debug/sBlog.Net.Tests.DLL" adapterTypeName="Microsoft.VisualStudio.TestTools.TestTypes.Unit.UnitTestAdapter, Microsoft.VisualStudio.QualityTools.Tips.UnitTest.Adapter, Version=10.0.0.0, Culture=neutral, PublicKeyToken=b03f5f7f11d50a3a" className="sBlog.Net.Tests.Controllers.ViewPageControllerTests, sBlog.Net.Tests, Version=1.0.0.0, Culture=neutral, PublicKeyToken=null" name="Can_Throw_Exception_For_Illegal_Access" />
    </UnitTest>
    <UnitTest name="Can_Return_Posts_By_Tag_Name_Page_1" storage="c:\users\karthik\documents\visual studio 2010\projects\sblog.net\sblog.net.tests\bin\debug\sblog.net.tests.dll" id="4d810fd1-9574-467e-ac7f-b2d18fd3edce">
      <Execution id="5f8d7a5a-959e-45c3-9b6c-dc85cf5e72b2" />
      <TestMethod codeBase="C:/Users/Karthik/Documents/Visual Studio 2010/Projects/sBlog.Net/sBlog.Net.Tests/bin/Debug/sBlog.Net.Tests.DLL" adapterTypeName="Microsoft.VisualStudio.TestTools.TestTypes.Unit.UnitTestAdapter, Microsoft.VisualStudio.QualityTools.Tips.UnitTest.Adapter, Version=10.0.0.0, Culture=neutral, PublicKeyToken=b03f5f7f11d50a3a" className="sBlog.Net.Tests.Controllers.HomeControllerTests, sBlog.Net.Tests, Version=1.0.0.0, Culture=neutral, PublicKeyToken=null" name="Can_Return_Posts_By_Tag_Name_Page_1" />
    </UnitTest>
    <UnitTest name="Can_Generate_Slug_For_New_Tag_With_Period" storage="c:\users\karthik\documents\visual studio 2010\projects\sblog.net\sblog.net.tests\bin\debug\sblog.net.tests.dll" id="b7144678-b9b9-cf56-61aa-ea23b3c41fb5">
      <Execution id="ef55a584-e5c9-48d9-95aa-3d95d01a5d63" />
      <TestMethod codeBase="C:/Users/Karthik/Documents/Visual Studio 2010/Projects/sBlog.Net/sBlog.Net.Tests/bin/Debug/sBlog.Net.Tests.DLL" adapterTypeName="Microsoft.VisualStudio.TestTools.TestTypes.Unit.UnitTestAdapter, Microsoft.VisualStudio.QualityTools.Tips.UnitTest.Adapter, Version=10.0.0.0, Culture=neutral, PublicKeyToken=b03f5f7f11d50a3a" className="sBlog.Net.Tests.Generators.SlugGeneratorTests, sBlog.Net.Tests, Version=1.0.0.0, Culture=neutral, PublicKeyToken=null" name="Can_Generate_Slug_For_New_Tag_With_Period" />
    </UnitTest>
    <UnitTest name="Can_Return_Second_Page_With_5_Items" storage="c:\users\karthik\documents\visual studio 2010\projects\sblog.net\sblog.net.tests\bin\debug\sblog.net.tests.dll" id="33a6bfed-b104-26db-0075-4dfc277a9b5b">
      <Execution id="b574f6d0-b4e5-4bd6-bc7d-635c99d0b3a3" />
      <TestMethod codeBase="C:/Users/Karthik/Documents/Visual Studio 2010/Projects/sBlog.Net/sBlog.Net.Tests/bin/Debug/sBlog.Net.Tests.DLL" adapterTypeName="Microsoft.VisualStudio.TestTools.TestTypes.Unit.UnitTestAdapter, Microsoft.VisualStudio.QualityTools.Tips.UnitTest.Adapter, Version=10.0.0.0, Culture=neutral, PublicKeyToken=b03f5f7f11d50a3a" className="sBlog.Net.Tests.Controllers.HomeControllerTests, sBlog.Net.Tests, Version=1.0.0.0, Culture=neutral, PublicKeyToken=null" name="Can_Return_Second_Page_With_5_Items" />
    </UnitTest>
    <UnitTest name="Can_Return_Third_Page_With_5_Items_Authenticated" storage="c:\users\karthik\documents\visual studio 2010\projects\sblog.net\sblog.net.tests\bin\debug\sblog.net.tests.dll" id="2acbaee6-7b8f-8c8e-3037-df5fac78f4e6">
      <Execution id="7d72781f-9b98-456c-8a66-6601d5708582" />
      <TestMethod codeBase="C:/Users/Karthik/Documents/Visual Studio 2010/Projects/sBlog.Net/sBlog.Net.Tests/bin/Debug/sBlog.Net.Tests.DLL" adapterTypeName="Microsoft.VisualStudio.TestTools.TestTypes.Unit.UnitTestAdapter, Microsoft.VisualStudio.QualityTools.Tips.UnitTest.Adapter, Version=10.0.0.0, Culture=neutral, PublicKeyToken=b03f5f7f11d50a3a" className="sBlog.Net.Tests.Controllers.HomeControllerTests, sBlog.Net.Tests, Version=1.0.0.0, Culture=neutral, PublicKeyToken=null" name="Can_Return_Third_Page_With_5_Items_Authenticated" />
    </UnitTest>
    <UnitTest name="Can_Generate_Cpp_Possiblity" storage="c:\users\karthik\documents\visual studio 2010\projects\sblog.net\sblog.net.tests\bin\debug\sblog.net.tests.dll" id="5cfbffaa-d5d2-a1fd-779e-c543af5afbf9">
      <Execution id="3b05c07a-9a49-42f7-a882-1ada65cbeb3d" />
      <TestMethod codeBase="C:/Users/Karthik/Documents/Visual Studio 2010/Projects/sBlog.Net/sBlog.Net.Tests/bin/Debug/sBlog.Net.Tests.DLL" adapterTypeName="Microsoft.VisualStudio.TestTools.TestTypes.Unit.UnitTestAdapter, Microsoft.VisualStudio.QualityTools.Tips.UnitTest.Adapter, Version=10.0.0.0, Culture=neutral, PublicKeyToken=b03f5f7f11d50a3a" className="sBlog.Net.Tests.PostShortCodeManager.PostShortCodeManagerTests, sBlog.Net.Tests, Version=1.0.0.0, Culture=neutral, PublicKeyToken=null" name="Can_Generate_Cpp_Possiblity" />
    </UnitTest>
    <UnitTest name="Can_Throw_Appropriate_Exception_When_Accessing_Private_Post" storage="c:\users\karthik\documents\visual studio 2010\projects\sblog.net\sblog.net.tests\bin\debug\sblog.net.tests.dll" id="aee5dee6-06c6-90b6-cb11-a532cf09eea9">
      <Execution id="debbacf1-bc42-466e-8ce9-5ec3b97254d5" />
      <TestMethod codeBase="C:/Users/Karthik/Documents/Visual Studio 2010/Projects/sBlog.Net/sBlog.Net.Tests/bin/Debug/sBlog.Net.Tests.DLL" adapterTypeName="Microsoft.VisualStudio.TestTools.TestTypes.Unit.UnitTestAdapter, Microsoft.VisualStudio.QualityTools.Tips.UnitTest.Adapter, Version=10.0.0.0, Culture=neutral, PublicKeyToken=b03f5f7f11d50a3a" className="sBlog.Net.Tests.Controllers.HomeControllerTests, sBlog.Net.Tests, Version=1.0.0.0, Culture=neutral, PublicKeyToken=null" name="Can_Throw_Appropriate_Exception_When_Accessing_Private_Post" />
    </UnitTest>
    <UnitTest name="Can_Generate_Slug_For_Duplicate_Url_1" storage="c:\users\karthik\documents\visual studio 2010\projects\sblog.net\sblog.net.tests\bin\debug\sblog.net.tests.dll" id="0c9c737b-3e5b-a0df-9987-f0920f1bde9d">
      <Execution id="61ce06a3-fceb-4107-b1de-cf1d0c38e8ef" />
      <TestMethod codeBase="C:/Users/Karthik/Documents/Visual Studio 2010/Projects/sBlog.Net/sBlog.Net.Tests/bin/Debug/sBlog.Net.Tests.DLL" adapterTypeName="Microsoft.VisualStudio.TestTools.TestTypes.Unit.UnitTestAdapter, Microsoft.VisualStudio.QualityTools.Tips.UnitTest.Adapter, Version=10.0.0.0, Culture=neutral, PublicKeyToken=b03f5f7f11d50a3a" className="sBlog.Net.Tests.Generators.UniqueUrlGeneratorTests, sBlog.Net.Tests, Version=1.0.0.0, Culture=neutral, PublicKeyToken=null" name="Can_Generate_Slug_For_Duplicate_Url_1" />
    </UnitTest>
  </TestDefinitions>
  <TestLists>
    <TestList name="Results Not in a List" id="8c84fa94-04c1-424b-9868-57a2d4851a1d" />
    <TestList name="All Loaded Results" id="19431567-8539-422a-85d7-44ee4e166bda" />
  </TestLists>
  <TestEntries>
    <TestEntry testId="01592928-e5de-0f6a-bd5f-19eab5b0ffb0" executionId="910f61c9-1232-472d-abcb-55371c320a19" testListId="8c84fa94-04c1-424b-9868-57a2d4851a1d" />
    <TestEntry testId="0c9c737b-3e5b-a0df-9987-f0920f1bde9d" executionId="61ce06a3-fceb-4107-b1de-cf1d0c38e8ef" testListId="8c84fa94-04c1-424b-9868-57a2d4851a1d" />
    <TestEntry testId="0e4dcd15-9d02-8e83-be2e-5c0c624f7a66" executionId="f01a1f57-9643-430f-a21a-8d9e9196aaf1" testListId="8c84fa94-04c1-424b-9868-57a2d4851a1d" />
    <TestEntry testId="0f710703-c21e-9061-9eb3-3991a01f8a3a" executionId="514061fa-aefe-4997-8fa2-e3d4eb070830" testListId="8c84fa94-04c1-424b-9868-57a2d4851a1d" />
    <TestEntry testId="11d0a6ce-281c-48f4-3f91-e14c07f9c4f5" executionId="89459cf2-cfa2-4841-8ddc-f6b36df17d19" testListId="8c84fa94-04c1-424b-9868-57a2d4851a1d" />
    <TestEntry testId="18683023-32ae-298c-7f87-8b03f2f33135" executionId="b59213d4-d544-4f5c-bcea-dfeb87953d9d" testListId="8c84fa94-04c1-424b-9868-57a2d4851a1d" />
    <TestEntry testId="1974e67d-5e78-e847-01b3-e32aa28ba117" executionId="c812d995-ed5f-40f3-8701-8ebd14721dde" testListId="8c84fa94-04c1-424b-9868-57a2d4851a1d" />
    <TestEntry testId="19d26f56-175f-ff18-e728-a8c19e7164d0" executionId="09dc34ee-35e1-4397-ba7c-d128bc19a1bb" testListId="8c84fa94-04c1-424b-9868-57a2d4851a1d" />
    <TestEntry testId="19e19c32-58cc-0717-0d15-8083da480919" executionId="9952a396-6279-463f-a822-e9bf72f29c28" testListId="8c84fa94-04c1-424b-9868-57a2d4851a1d" />
    <TestEntry testId="1c2547bf-42a9-5736-a051-4bfe81892844" executionId="e4e52370-d978-45c3-925e-599ef029a49a" testListId="8c84fa94-04c1-424b-9868-57a2d4851a1d" />
    <TestEntry testId="20c8faec-30cc-bbca-3ae1-6f88683393c3" executionId="bdcb8b30-cbf7-445e-b8ef-15651becfd37" testListId="8c84fa94-04c1-424b-9868-57a2d4851a1d" />
    <TestEntry testId="2198a204-bf2d-39a0-5e6f-12448739fd1c" executionId="61aabae3-54b0-45f1-8e50-023306160620" testListId="8c84fa94-04c1-424b-9868-57a2d4851a1d" />
    <TestEntry testId="231e3d4e-c2dc-0abc-1f30-71c490c89ddf" executionId="3e2a7e20-e1b1-4af2-8337-02139933fdcf" testListId="8c84fa94-04c1-424b-9868-57a2d4851a1d" />
    <TestEntry testId="24dc03ef-d6e9-1a7f-c40a-fc1bedcc44a1" executionId="0a9b127e-8232-4abc-a886-36af453e422e" testListId="8c84fa94-04c1-424b-9868-57a2d4851a1d" />
    <TestEntry testId="2acbaee6-7b8f-8c8e-3037-df5fac78f4e6" executionId="7d72781f-9b98-456c-8a66-6601d5708582" testListId="8c84fa94-04c1-424b-9868-57a2d4851a1d" />
    <TestEntry testId="2ca56d6a-1cfd-94c6-8ea1-fdc87213a40b" executionId="f48415f3-48bc-4d8c-9d5e-d57593a2d0af" testListId="8c84fa94-04c1-424b-9868-57a2d4851a1d" />
    <TestEntry testId="30e0f86d-d184-436d-7a18-bc502d691500" executionId="3ab29749-81f9-4471-9b7c-3b83105ce645" testListId="8c84fa94-04c1-424b-9868-57a2d4851a1d" />
    <TestEntry testId="33a6bfed-b104-26db-0075-4dfc277a9b5b" executionId="b574f6d0-b4e5-4bd6-bc7d-635c99d0b3a3" testListId="8c84fa94-04c1-424b-9868-57a2d4851a1d" />
    <TestEntry testId="3766303b-a509-888b-db32-e82cef294c08" executionId="e3fa06f5-613c-4849-97e4-e84d1b7fd07f" testListId="8c84fa94-04c1-424b-9868-57a2d4851a1d" />
    <TestEntry testId="3bb1e4b8-49e8-22ae-5018-1f1d51168c76" executionId="33744900-eff0-4b01-8eaa-6fcd4f55de72" testListId="8c84fa94-04c1-424b-9868-57a2d4851a1d" />
    <TestEntry testId="40721cd6-9ee0-b8a9-b5a6-4a838be3488f" executionId="93490fb7-e7c8-441b-8067-cdd6ffc506d7" testListId="8c84fa94-04c1-424b-9868-57a2d4851a1d" />
    <TestEntry testId="4252a139-3089-073b-9b10-ef071ba02a53" executionId="609b1cec-883a-410c-8eb0-6bacc9f5ae23" testListId="8c84fa94-04c1-424b-9868-57a2d4851a1d" />
    <TestEntry testId="442df1de-81ca-3bdc-86d0-0e77bffcf546" executionId="121bb8ff-cb26-44c8-a350-af5089f6283d" testListId="8c84fa94-04c1-424b-9868-57a2d4851a1d" />
    <TestEntry testId="4d810fd1-9574-467e-ac7f-b2d18fd3edce" executionId="5f8d7a5a-959e-45c3-9b6c-dc85cf5e72b2" testListId="8c84fa94-04c1-424b-9868-57a2d4851a1d" />
    <TestEntry testId="53b62dfa-c860-eb6f-60c5-e040faf54275" executionId="e56b595b-fab7-4dc9-9e2c-2f0481e76f9e" testListId="8c84fa94-04c1-424b-9868-57a2d4851a1d" />
    <TestEntry testId="55bd31c1-4e01-c471-4c12-b8dbab54858c" executionId="e05e11e3-03d3-4a98-81ed-b7e33a25fd2b" testListId="8c84fa94-04c1-424b-9868-57a2d4851a1d" />
    <TestEntry testId="59c16d45-96db-5b58-ecb3-d7de4acb0e54" executionId="98b48a63-ab53-42dc-bb88-37021c39196f" testListId="8c84fa94-04c1-424b-9868-57a2d4851a1d" />
    <TestEntry testId="5cfbffaa-d5d2-a1fd-779e-c543af5afbf9" executionId="3b05c07a-9a49-42f7-a882-1ada65cbeb3d" testListId="8c84fa94-04c1-424b-9868-57a2d4851a1d" />
    <TestEntry testId="5d9f7d99-51b4-b92d-2b99-1274bff77104" executionId="02b6755a-1af3-4db4-8160-06dae07fd445" testListId="8c84fa94-04c1-424b-9868-57a2d4851a1d" />
    <TestEntry testId="5e3915d7-d82f-24cf-ebe5-f837610472f0" executionId="78286ace-53be-4cf2-aa86-3c586be1981e" testListId="8c84fa94-04c1-424b-9868-57a2d4851a1d" />
    <TestEntry testId="72d1e3ff-7a42-f810-798f-0225b5525c5e" executionId="15114f2c-8b7f-459f-82d0-984780b476d5" testListId="8c84fa94-04c1-424b-9868-57a2d4851a1d" />
    <TestEntry testId="7378b046-455d-061e-47dd-bd2b2df8997d" executionId="94846d34-5c37-49a2-a051-f1fe485bdde6" testListId="8c84fa94-04c1-424b-9868-57a2d4851a1d" />
    <TestEntry testId="8062f765-3911-f3e2-9023-a37e768bd13b" executionId="200c45db-e513-4196-8e29-7390cfad7dd3" testListId="8c84fa94-04c1-424b-9868-57a2d4851a1d" />
    <TestEntry testId="81f824b8-da50-7515-dfc6-340d452b19c6" executionId="d40a7b45-41a5-4372-af14-237ff4a5421f" testListId="8c84fa94-04c1-424b-9868-57a2d4851a1d" />
    <TestEntry testId="832765d3-7304-0623-1304-f2e1a07c8a9f" executionId="4668a295-3000-4aef-91f4-b72645057b34" testListId="8c84fa94-04c1-424b-9868-57a2d4851a1d" />
    <TestEntry testId="86749505-d742-a6da-9c20-cad0de197389" executionId="a5cb5f06-0723-451f-b4ab-f098e9a6794c" testListId="8c84fa94-04c1-424b-9868-57a2d4851a1d" />
    <TestEntry testId="90df268b-9c76-6076-1bdc-999157831b01" executionId="4a3072b3-05b5-4493-9f5f-0d6f7f1125c9" testListId="8c84fa94-04c1-424b-9868-57a2d4851a1d" />
    <TestEntry testId="93ce5530-0462-9bdc-3284-974c59c52f9f" executionId="9a5985e0-3bcc-4410-b4eb-22ca0190f1a0" testListId="8c84fa94-04c1-424b-9868-57a2d4851a1d" />
    <TestEntry testId="94006d52-a543-1396-184e-7b0a53ec4aac" executionId="89eb02eb-be80-4335-afb3-ca4f3f622310" testListId="8c84fa94-04c1-424b-9868-57a2d4851a1d" />
    <TestEntry testId="95aad58c-43fd-4c31-c641-7bc830851f2e" executionId="f1b02c74-2470-4bd8-87ec-d3eb1ff57b54" testListId="8c84fa94-04c1-424b-9868-57a2d4851a1d" />
    <TestEntry testId="961a384c-622a-4677-bcf9-9ece9a12d89e" executionId="559b3d3b-980c-4cc2-8008-222ccec463a0" testListId="8c84fa94-04c1-424b-9868-57a2d4851a1d" />
    <TestEntry testId="9737fcf0-5932-1c8c-7f99-ed9d76589e1f" executionId="5d2c4847-2549-442a-8690-3a6574697b1e" testListId="8c84fa94-04c1-424b-9868-57a2d4851a1d" />
    <TestEntry testId="9ffc2a7d-085e-c218-8cdd-b685d5726075" executionId="996154cf-169b-49ff-99cc-76487c76d1a0" testListId="8c84fa94-04c1-424b-9868-57a2d4851a1d" />
    <TestEntry testId="a4fc38ee-7b00-b59f-4a61-906e4175b8e2" executionId="00befb3d-9326-4af0-b875-9469b1c02c2c" testListId="8c84fa94-04c1-424b-9868-57a2d4851a1d" />
    <TestEntry testId="a8fb68d2-b6b7-5034-b7f0-e5d4ad308b45" executionId="b422c0db-1507-400b-aaf4-9f7756815d08" testListId="8c84fa94-04c1-424b-9868-57a2d4851a1d" />
    <TestEntry testId="aaa6240a-912d-e2ee-b519-bbb8c5cd5735" executionId="00aeb54e-e349-473f-aedd-45d4d797641f" testListId="8c84fa94-04c1-424b-9868-57a2d4851a1d" />
    <TestEntry testId="ae9b26a5-6b7b-7099-0678-55d3f1c04b09" executionId="5375ee29-2d84-4908-866a-1f673c80008f" testListId="8c84fa94-04c1-424b-9868-57a2d4851a1d" />
    <TestEntry testId="aee5dee6-06c6-90b6-cb11-a532cf09eea9" executionId="debbacf1-bc42-466e-8ce9-5ec3b97254d5" testListId="8c84fa94-04c1-424b-9868-57a2d4851a1d" />
    <TestEntry testId="b7144678-b9b9-cf56-61aa-ea23b3c41fb5" executionId="ef55a584-e5c9-48d9-95aa-3d95d01a5d63" testListId="8c84fa94-04c1-424b-9868-57a2d4851a1d" />
    <TestEntry testId="b9917d52-2709-d368-b719-a4e1a667f0ea" executionId="5f215375-f884-410b-8be9-f4ae26d5af4a" testListId="8c84fa94-04c1-424b-9868-57a2d4851a1d" />
    <TestEntry testId="bac29113-e4ce-d930-b577-4be854c98954" executionId="a2754e04-957f-4a11-80d2-4ddc3173ebfe" testListId="8c84fa94-04c1-424b-9868-57a2d4851a1d" />
    <TestEntry testId="bce27ffc-6ad4-8158-fe15-456497106f9d" executionId="e79ed9df-163a-4313-8c4f-41e139dabea3" testListId="8c84fa94-04c1-424b-9868-57a2d4851a1d" />
    <TestEntry testId="be0f747f-a73f-9fee-7373-67b77d206e28" executionId="83cad0fb-6b4f-4832-a64f-b8981efbfdff" testListId="8c84fa94-04c1-424b-9868-57a2d4851a1d" />
    <TestEntry testId="c2697b30-5b3c-3d66-2add-e0d99eb13318" executionId="cb704f74-c0d3-4e4d-a7e3-815c3ac42d99" testListId="8c84fa94-04c1-424b-9868-57a2d4851a1d" />
    <TestEntry testId="c554fedc-8c57-f2c0-4fe2-05346ebe126c" executionId="9458ee60-520f-49d0-867c-4b5157a01b7e" testListId="8c84fa94-04c1-424b-9868-57a2d4851a1d" />
    <TestEntry testId="c884a035-314a-2855-1ee7-90cce387b618" executionId="e7d35f40-943a-47e6-a54d-f39e42ea0f55" testListId="8c84fa94-04c1-424b-9868-57a2d4851a1d" />
    <TestEntry testId="cb624e79-6d34-32bf-7b3f-0bcbb43b4a9b" executionId="e4288334-0724-49e6-b720-e06f78de4208" testListId="8c84fa94-04c1-424b-9868-57a2d4851a1d" />
    <TestEntry testId="cc40102f-704d-b190-d1a0-093358002f62" executionId="c25b7db7-0c0e-42de-b3f8-538340d56759" testListId="8c84fa94-04c1-424b-9868-57a2d4851a1d" />
    <TestEntry testId="ce9d2f38-0696-2335-e864-08ceb31a70a0" executionId="38786a36-e3c5-4b24-92b2-34d63572a49a" testListId="8c84fa94-04c1-424b-9868-57a2d4851a1d" />
    <TestEntry testId="d1901ce9-268e-6f75-fc55-4881d6290901" executionId="c1ee2698-71af-4797-8dd0-34b153dc5c6f" testListId="8c84fa94-04c1-424b-9868-57a2d4851a1d" />
    <TestEntry testId="d1bce698-2d1d-0f42-8b3b-4e284594f71f" executionId="e18c6581-139e-4130-aee4-1e2ccf9375b9" testListId="8c84fa94-04c1-424b-9868-57a2d4851a1d" />
    <TestEntry testId="deb7b405-5e91-3e57-c8b4-0fa70ab2c861" executionId="5aa6ce46-afe6-4166-b753-05ef638aee3f" testListId="8c84fa94-04c1-424b-9868-57a2d4851a1d" />
    <TestEntry testId="f03c6dd5-e960-a131-5365-fd7d09214007" executionId="8fabd21a-c926-4ba0-a206-90a3472166b1" testListId="8c84fa94-04c1-424b-9868-57a2d4851a1d" />
    <TestEntry testId="f095abca-49b9-b11b-8e31-f4852472710c" executionId="97fbc361-ca41-4ec3-af4a-1dad129964fa" testListId="8c84fa94-04c1-424b-9868-57a2d4851a1d" />
    <TestEntry testId="f379ac08-313b-a8d2-5b44-2e330f51f3fc" executionId="cf12c432-15d1-4a84-800c-35f8e6af98b9" testListId="8c84fa94-04c1-424b-9868-57a2d4851a1d" />
    <TestEntry testId="f7a24aaa-aa41-f3bf-4109-b5d13577b744" executionId="43aa373b-c535-446d-8f87-9821fa49e297" testListId="8c84fa94-04c1-424b-9868-57a2d4851a1d" />
    <TestEntry testId="f7dedd7f-cca6-7fdd-56b1-f8c5c8e62c5e" executionId="9ebb6ae2-4373-4b72-bb0d-e2eaa0197cb3" testListId="8c84fa94-04c1-424b-9868-57a2d4851a1d" />
  </TestEntries>
  <Results>
    <UnitTestResult executionId="910f61c9-1232-472d-abcb-55371c320a19" testId="01592928-e5de-0f6a-bd5f-19eab5b0ffb0" testName="Can_Generate_Other_Pages" computerName="KARTHIK-PC" duration="00:00:00.0709934" startTime="2012-12-08T15:29:42.6507560-05:00" endTime="2012-12-08T15:29:43.0717800-05:00" testType="13cdc9d9-ddb5-4fa4-a97d-d965ccfc6d4b" outcome="Passed" testListId="8c84fa94-04c1-424b-9868-57a2d4851a1d" relativeResultsDirectory="910f61c9-1232-472d-abcb-55371c320a19">
    </UnitTestResult>
    <UnitTestResult executionId="61ce06a3-fceb-4107-b1de-cf1d0c38e8ef" testId="0c9c737b-3e5b-a0df-9987-f0920f1bde9d" testName="Can_Generate_Slug_For_Duplicate_Url_1" computerName="KARTHIK-PC" duration="00:00:00.0089848" startTime="2012-12-08T15:29:43.0857808-05:00" endTime="2012-12-08T15:29:43.1207828-05:00" testType="13cdc9d9-ddb5-4fa4-a97d-d965ccfc6d4b" outcome="Passed" testListId="8c84fa94-04c1-424b-9868-57a2d4851a1d" relativeResultsDirectory="61ce06a3-fceb-4107-b1de-cf1d0c38e8ef">
    </UnitTestResult>
    <UnitTestResult executionId="f01a1f57-9643-430f-a21a-8d9e9196aaf1" testId="0e4dcd15-9d02-8e83-be2e-5c0c624f7a66" testName="Can_Generate_Ruby_Possiblity" computerName="KARTHIK-PC" duration="00:00:00.0315534" startTime="2012-12-08T15:29:43.1887867-05:00" endTime="2012-12-08T15:29:43.2317892-05:00" testType="13cdc9d9-ddb5-4fa4-a97d-d965ccfc6d4b" outcome="Passed" testListId="8c84fa94-04c1-424b-9868-57a2d4851a1d" relativeResultsDirectory="f01a1f57-9643-430f-a21a-8d9e9196aaf1">
    </UnitTestResult>
    <UnitTestResult executionId="514061fa-aefe-4997-8fa2-e3d4eb070830" testId="0f710703-c21e-9061-9eb3-3991a01f8a3a" testName="Can_Generate_Slug" computerName="KARTHIK-PC" duration="00:00:00.0004507" startTime="2012-12-08T15:29:43.2367895-05:00" endTime="2012-12-08T15:29:43.2497902-05:00" testType="13cdc9d9-ddb5-4fa4-a97d-d965ccfc6d4b" outcome="Passed" testListId="8c84fa94-04c1-424b-9868-57a2d4851a1d" relativeResultsDirectory="514061fa-aefe-4997-8fa2-e3d4eb070830">
    </UnitTestResult>
    <UnitTestResult executionId="89459cf2-cfa2-4841-8ddc-f6b36df17d19" testId="11d0a6ce-281c-48f4-3f91-e14c07f9c4f5" testName="Can_Return_First_Page_With_5_Items" computerName="KARTHIK-PC" duration="00:00:00.0140630" startTime="2012-12-08T15:29:43.2557906-05:00" endTime="2012-12-08T15:29:43.2807920-05:00" testType="13cdc9d9-ddb5-4fa4-a97d-d965ccfc6d4b" outcome="Passed" testListId="8c84fa94-04c1-424b-9868-57a2d4851a1d" relativeResultsDirectory="89459cf2-cfa2-4841-8ddc-f6b36df17d19">
    </UnitTestResult>
    <UnitTestResult executionId="b59213d4-d544-4f5c-bcea-dfeb87953d9d" testId="18683023-32ae-298c-7f87-8b03f2f33135" testName="Can_Generate_Slug_For_Duplicate_3" computerName="KARTHIK-PC" duration="00:00:00.0031492" startTime="2012-12-08T15:29:43.2827921-05:00" endTime="2012-12-08T15:29:43.2987930-05:00" testType="13cdc9d9-ddb5-4fa4-a97d-d965ccfc6d4b" outcome="Passed" testListId="8c84fa94-04c1-424b-9868-57a2d4851a1d" relativeResultsDirectory="b59213d4-d544-4f5c-bcea-dfeb87953d9d">
    </UnitTestResult>
    <UnitTestResult executionId="c812d995-ed5f-40f3-8701-8ebd14721dde" testId="1974e67d-5e78-e847-01b3-e32aa28ba117" testName="Can_Generate_The_Expected_Hasher" computerName="KARTHIK-PC" duration="00:00:00.0048921" startTime="2012-12-08T15:29:43.2997931-05:00" endTime="2012-12-08T15:29:43.3107937-05:00" testType="13cdc9d9-ddb5-4fa4-a97d-d965ccfc6d4b" outcome="Passed" testListId="8c84fa94-04c1-424b-9868-57a2d4851a1d" relativeResultsDirectory="c812d995-ed5f-40f3-8701-8ebd14721dde">
    </UnitTestResult>
    <UnitTestResult executionId="09dc34ee-35e1-4397-ba7c-d128bc19a1bb" testId="19d26f56-175f-ff18-e728-a8c19e7164d0" testName="Can_Generate_Slug_For_Duplicate_8" computerName="KARTHIK-PC" duration="00:00:00.0013742" startTime="2012-12-08T15:29:43.3217943-05:00" endTime="2012-12-08T15:29:43.3367952-05:00" testType="13cdc9d9-ddb5-4fa4-a97d-d965ccfc6d4b" outcome="Passed" testListId="8c84fa94-04c1-424b-9868-57a2d4851a1d" relativeResultsDirectory="09dc34ee-35e1-4397-ba7c-d128bc19a1bb">
    </UnitTestResult>
    <UnitTestResult executionId="9952a396-6279-463f-a822-e9bf72f29c28" testId="19e19c32-58cc-0717-0d15-8083da480919" testName="Can_Return_Posts_By_Tag_Name_Page_2_Authenticated" computerName="KARTHIK-PC" duration="00:00:00.0067055" startTime="2012-12-08T15:29:43.3487959-05:00" endTime="2012-12-08T15:29:43.3627967-05:00" testType="13cdc9d9-ddb5-4fa4-a97d-d965ccfc6d4b" outcome="Passed" testListId="8c84fa94-04c1-424b-9868-57a2d4851a1d" relativeResultsDirectory="9952a396-6279-463f-a822-e9bf72f29c28">
    </UnitTestResult>
    <UnitTestResult executionId="e4e52370-d978-45c3-925e-599ef029a49a" testId="1c2547bf-42a9-5736-a051-4bfe81892844" testName="Can_Return_Posts_By_URL_Private_Non_Admin" computerName="KARTHIK-PC" duration="00:00:00.0051652" startTime="2012-12-08T15:29:43.3647968-05:00" endTime="2012-12-08T15:29:43.3757974-05:00" testType="13cdc9d9-ddb5-4fa4-a97d-d965ccfc6d4b" outcome="Passed" testListId="8c84fa94-04c1-424b-9868-57a2d4851a1d" relativeResultsDirectory="e4e52370-d978-45c3-925e-599ef029a49a">
    </UnitTestResult>
    <UnitTestResult executionId="bdcb8b30-cbf7-445e-b8ef-15651becfd37" testId="20c8faec-30cc-bbca-3ae1-6f88683393c3" testName="Can_Return_Posts_By_Tag_Name_Page_1_Authenticated" computerName="KARTHIK-PC" duration="00:00:00.0017643" startTime="2012-12-08T15:29:43.3777975-05:00" endTime="2012-12-08T15:29:43.3857980-05:00" testType="13cdc9d9-ddb5-4fa4-a97d-d965ccfc6d4b" outcome="Passed" testListId="8c84fa94-04c1-424b-9868-57a2d4851a1d" relativeResultsDirectory="bdcb8b30-cbf7-445e-b8ef-15651becfd37">
    </UnitTestResult>
    <UnitTestResult executionId="61aabae3-54b0-45f1-8e50-023306160620" testId="2198a204-bf2d-39a0-5e6f-12448739fd1c" testName="Can_Process_Comment_When_Akistmet_Is_Enabled_And_Delete_Is_Disabled_Spam" computerName="KARTHIK-PC" duration="00:00:00.0069023" startTime="2012-12-08T15:29:43.3877981-05:00" endTime="2012-12-08T15:29:43.3997988-05:00" testType="13cdc9d9-ddb5-4fa4-a97d-d965ccfc6d4b" outcome="Passed" testListId="8c84fa94-04c1-424b-9868-57a2d4851a1d" relativeResultsDirectory="61aabae3-54b0-45f1-8e50-023306160620">
    </UnitTestResult>
    <UnitTestResult executionId="3e2a7e20-e1b1-4af2-8337-02139933fdcf" testId="231e3d4e-c2dc-0abc-1f30-71c490c89ddf" testName="Can_Return_Posts_By_Year_Month_Page_Two_Authenticated" computerName="KARTHIK-PC" duration="00:00:00.0023967" startTime="2012-12-08T15:29:43.4017989-05:00" endTime="2012-12-08T15:29:43.4097994-05:00" testType="13cdc9d9-ddb5-4fa4-a97d-d965ccfc6d4b" outcome="Passed" testListId="8c84fa94-04c1-424b-9868-57a2d4851a1d" relativeResultsDirectory="3e2a7e20-e1b1-4af2-8337-02139933fdcf">
    </UnitTestResult>
    <UnitTestResult executionId="0a9b127e-8232-4abc-a886-36af453e422e" testId="24dc03ef-d6e9-1a7f-c40a-fc1bedcc44a1" testName="Can_Generate_CSharp_Possiblity" computerName="KARTHIK-PC" duration="00:00:00.0169440" startTime="2012-12-08T15:29:43.4117995-05:00" endTime="2012-12-08T15:29:43.4348008-05:00" testType="13cdc9d9-ddb5-4fa4-a97d-d965ccfc6d4b" outcome="Passed" testListId="8c84fa94-04c1-424b-9868-57a2d4851a1d" relativeResultsDirectory="0a9b127e-8232-4abc-a886-36af453e422e">
    </UnitTestResult>
    <UnitTestResult executionId="7d72781f-9b98-456c-8a66-6601d5708582" testId="2acbaee6-7b8f-8c8e-3037-df5fac78f4e6" testName="Can_Return_Third_Page_With_5_Items_Authenticated" computerName="KARTHIK-PC" duration="00:00:00.0011108" startTime="2012-12-08T15:29:43.4388010-05:00" endTime="2012-12-08T15:29:43.4448014-05:00" testType="13cdc9d9-ddb5-4fa4-a97d-d965ccfc6d4b" outcome="Passed" testListId="8c84fa94-04c1-424b-9868-57a2d4851a1d" relativeResultsDirectory="7d72781f-9b98-456c-8a66-6601d5708582">
    </UnitTestResult>
    <UnitTestResult executionId="f48415f3-48bc-4d8c-9d5e-d57593a2d0af" testId="2ca56d6a-1cfd-94c6-8ea1-fdc87213a40b" testName="Can_Process_Comment_When_Akistmet_Is_Enabled_And_Delete_Is_Enabled_Spam" computerName="KARTHIK-PC" duration="00:00:00.0016357" startTime="2012-12-08T15:29:43.4468015-05:00" endTime="2012-12-08T15:29:43.4548019-05:00" testType="13cdc9d9-ddb5-4fa4-a97d-d965ccfc6d4b" outcome="Passed" testListId="8c84fa94-04c1-424b-9868-57a2d4851a1d" relativeResultsDirectory="f48415f3-48bc-4d8c-9d5e-d57593a2d0af">
    </UnitTestResult>
    <UnitTestResult executionId="3ab29749-81f9-4471-9b7c-3b83105ce645" testId="30e0f86d-d184-436d-7a18-bc502d691500" testName="Can_Generate_Slug_For_Duplicate_4" computerName="KARTHIK-PC" duration="00:00:00.0004039" startTime="2012-12-08T15:29:43.4568021-05:00" endTime="2012-12-08T15:29:43.4638025-05:00" testType="13cdc9d9-ddb5-4fa4-a97d-d965ccfc6d4b" outcome="Passed" testListId="8c84fa94-04c1-424b-9868-57a2d4851a1d" relativeResultsDirectory="3ab29749-81f9-4471-9b7c-3b83105ce645">
    </UnitTestResult>
    <UnitTestResult executionId="b574f6d0-b4e5-4bd6-bc7d-635c99d0b3a3" testId="33a6bfed-b104-26db-0075-4dfc277a9b5b" testName="Can_Return_Second_Page_With_5_Items" computerName="KARTHIK-PC" duration="00:00:00.0011024" startTime="2012-12-08T15:29:43.4658026-05:00" endTime="2012-12-08T15:29:43.4728030-05:00" testType="13cdc9d9-ddb5-4fa4-a97d-d965ccfc6d4b" outcome="Passed" testListId="8c84fa94-04c1-424b-9868-57a2d4851a1d" relativeResultsDirectory="b574f6d0-b4e5-4bd6-bc7d-635c99d0b3a3">
    </UnitTestResult>
    <UnitTestResult executionId="e3fa06f5-613c-4849-97e4-e84d1b7fd07f" testId="3766303b-a509-888b-db32-e82cef294c08" testName="Can_Generate_Slug_For_Non_Duplicate_Url_2" computerName="KARTHIK-PC" duration="00:00:00.0005601" startTime="2012-12-08T15:29:43.4748031-05:00" endTime="2012-12-08T15:29:43.4818035-05:00" testType="13cdc9d9-ddb5-4fa4-a97d-d965ccfc6d4b" outcome="Passed" testListId="8c84fa94-04c1-424b-9868-57a2d4851a1d" relativeResultsDirectory="e3fa06f5-613c-4849-97e4-e84d1b7fd07f">
    </UnitTestResult>
    <UnitTestResult executionId="33744900-eff0-4b01-8eaa-6fcd4f55de72" testId="3bb1e4b8-49e8-22ae-5018-1f1d51168c76" testName="Can_Get_A_Single_Page_Private" computerName="KARTHIK-PC" duration="00:00:00.0046345" startTime="2012-12-08T15:29:43.4828036-05:00" endTime="2012-12-08T15:29:43.4938042-05:00" testType="13cdc9d9-ddb5-4fa4-a97d-d965ccfc6d4b" outcome="Passed" testListId="8c84fa94-04c1-424b-9868-57a2d4851a1d" relativeResultsDirectory="33744900-eff0-4b01-8eaa-6fcd4f55de72">
    </UnitTestResult>
[...]
    </UnitTestResult>
    <UnitTestResult executionId="94846d34-5c37-49a2-a051-f1fe485bdde6" testId="7378b046-455d-061e-47dd-bd2b2df8997d" testName="Can_Return_Posts_By_Year_Month" computerName="KARTHIK-PC" duration="00:00:00.0025043" startTime="2012-12-08T15:29:46.8249947-05:00" endTime="2012-12-08T15:29:46.8319951-05:00" testType="13cdc9d9-ddb5-4fa4-a97d-d965ccfc6d4b" outcome="Passed" testListId="8c84fa94-04c1-424b-9868-57a2d4851a1d" relativeResultsDirectory="94846d34-5c37-49a2-a051-f1fe485bdde6">
    </UnitTestResult>
    <UnitTestResult executionId="200c45db-e513-4196-8e29-7390cfad7dd3" testId="8062f765-3911-f3e2-9023-a37e768bd13b" testName="Can_Return_First_Page_With_5_Items_Authenticated" computerName="KARTHIK-PC" duration="00:00:00.0026288" startTime="2012-12-08T15:29:46.8339952-05:00" endTime="2012-12-08T15:29:46.8509962-05:00" testType="13cdc9d9-ddb5-4fa4-a97d-d965ccfc6d4b" outcome="Passed" testListId="8c84fa94-04c1-424b-9868-57a2d4851a1d" relativeResultsDirectory="200c45db-e513-4196-8e29-7390cfad7dd3">
    </UnitTestResult>
    <UnitTestResult executionId="d40a7b45-41a5-4372-af14-237ff4a5421f" testId="81f824b8-da50-7515-dfc6-340d452b19c6" testName="Can_Generate_Slug_For_Text_With_Hyphen_2" computerName="KARTHIK-PC" duration="00:00:00.0017036" startTime="2012-12-08T15:29:46.8539964-05:00" endTime="2012-12-08T15:29:46.8719974-05:00" testType="13cdc9d9-ddb5-4fa4-a97d-d965ccfc6d4b" outcome="Passed" testListId="8c84fa94-04c1-424b-9868-57a2d4851a1d" relativeResultsDirectory="d40a7b45-41a5-4372-af14-237ff4a5421f">
    </UnitTestResult>
    <UnitTestResult executionId="4668a295-3000-4aef-91f4-b72645057b34" testId="832765d3-7304-0623-1304-f2e1a07c8a9f" testName="Can_Generate_Slug_For_Non_Duplicate_Url_4" computerName="KARTHIK-PC" duration="00:00:00.0114320" startTime="2012-12-08T15:29:46.8739975-05:00" endTime="2012-12-08T15:29:46.9019991-05:00" testType="13cdc9d9-ddb5-4fa4-a97d-d965ccfc6d4b" outcome="Passed" testListId="8c84fa94-04c1-424b-9868-57a2d4851a1d" relativeResultsDirectory="4668a295-3000-4aef-91f4-b72645057b34">
    </UnitTestResult>
    <UnitTestResult executionId="a5cb5f06-0723-451f-b4ab-f098e9a6794c" testId="86749505-d742-a6da-9c20-cad0de197389" testName="Can_Generate_Slug_For_Duplicate_7" computerName="KARTHIK-PC" duration="00:00:00.0004034" startTime="2012-12-08T15:29:46.9069994-05:00" endTime="2012-12-08T15:29:46.9149999-05:00" testType="13cdc9d9-ddb5-4fa4-a97d-d965ccfc6d4b" outcome="Passed" testListId="8c84fa94-04c1-424b-9868-57a2d4851a1d" relativeResultsDirectory="a5cb5f06-0723-451f-b4ab-f098e9a6794c">
    </UnitTestResult>
    <UnitTestResult executionId="4a3072b3-05b5-4493-9f5f-0d6f7f1125c9" testId="90df268b-9c76-6076-1bdc-999157831b01" testName="Can_Return_Posts_By_Category_Name_Page_3_Authenticated" computerName="KARTHIK-PC" duration="00:00:00.0015603" startTime="2012-12-08T15:29:46.9200001-05:00" endTime="2012-12-08T15:29:46.9310008-05:00" testType="13cdc9d9-ddb5-4fa4-a97d-d965ccfc6d4b" outcome="Passed" testListId="8c84fa94-04c1-424b-9868-57a2d4851a1d" relativeResultsDirectory="4a3072b3-05b5-4493-9f5f-0d6f7f1125c9">
    </UnitTestResult>
    <UnitTestResult executionId="9a5985e0-3bcc-4410-b4eb-22ca0190f1a0" testId="93ce5530-0462-9bdc-3284-974c59c52f9f" testName="Can_Generate_JScript_Possiblity" computerName="KARTHIK-PC" duration="00:00:00.0165437" startTime="2012-12-08T15:29:46.9350010-05:00" endTime="2012-12-08T15:29:46.9590024-05:00" testType="13cdc9d9-ddb5-4fa4-a97d-d965ccfc6d4b" outcome="Passed" testListId="8c84fa94-04c1-424b-9868-57a2d4851a1d" relativeResultsDirectory="9a5985e0-3bcc-4410-b4eb-22ca0190f1a0">
    </UnitTestResult>
    <UnitTestResult executionId="89eb02eb-be80-4335-afb3-ca4f3f622310" testId="94006d52-a543-1396-184e-7b0a53ec4aac" testName="Can_Generate_Slug_For_Duplicate" computerName="KARTHIK-PC" duration="00:00:00.0003900" startTime="2012-12-08T15:29:46.9640027-05:00" endTime="2012-12-08T15:29:46.9680029-05:00" testType="13cdc9d9-ddb5-4fa4-a97d-d965ccfc6d4b" outcome="Passed" testListId="8c84fa94-04c1-424b-9868-57a2d4851a1d" relativeResultsDirectory="89eb02eb-be80-4335-afb3-ca4f3f622310">
    </UnitTestResult>
    <UnitTestResult executionId="f1b02c74-2470-4bd8-87ec-d3eb1ff57b54" testId="95aad58c-43fd-4c31-c641-7bc830851f2e" testName="Can_Return_Second_Page_With_5_Items_Authenticated" computerName="KARTHIK-PC" duration="00:00:00.0011314" startTime="2012-12-08T15:29:46.9720031-05:00" endTime="2012-12-08T15:29:46.9780035-05:00" testType="13cdc9d9-ddb5-4fa4-a97d-d965ccfc6d4b" outcome="Passed" testListId="8c84fa94-04c1-424b-9868-57a2d4851a1d" relativeResultsDirectory="f1b02c74-2470-4bd8-87ec-d3eb1ff57b54">
    </UnitTestResult>
    <UnitTestResult executionId="559b3d3b-980c-4cc2-8008-222ccec463a0" testId="961a384c-622a-4677-bcf9-9ece9a12d89e" testName="Can_Generate_All_Pages" computerName="KARTHIK-PC" duration="00:00:00.0044828" startTime="2012-12-08T15:29:46.9820037-05:00" endTime="2012-12-08T15:29:46.9900042-05:00" testType="13cdc9d9-ddb5-4fa4-a97d-d965ccfc6d4b" outcome="Passed" testListId="8c84fa94-04c1-424b-9868-57a2d4851a1d" relativeResultsDirectory="559b3d3b-980c-4cc2-8008-222ccec463a0">
    </UnitTestResult>
    <UnitTestResult executionId="5d2c4847-2549-442a-8690-3a6574697b1e" testId="9737fcf0-5932-1c8c-7f99-ed9d76589e1f" testName="Can_Generate_Slug_For_Duplicate_6" computerName="KARTHIK-PC" duration="00:00:00.0003874" startTime="2012-12-08T15:29:46.9940044-05:00" endTime="2012-12-08T15:29:46.9990047-05:00" testType="13cdc9d9-ddb5-4fa4-a97d-d965ccfc6d4b" outcome="Passed" testListId="8c84fa94-04c1-424b-9868-57a2d4851a1d" relativeResultsDirectory="5d2c4847-2549-442a-8690-3a6574697b1e">
    </UnitTestResult>
    <UnitTestResult executionId="996154cf-169b-49ff-99cc-76487c76d1a0" testId="9ffc2a7d-085e-c218-8cdd-b685d5726075" testName="Can_Return_Posts_By_Tag_Name_Page_2" computerName="KARTHIK-PC" duration="00:00:00.0017343" startTime="2012-12-08T15:29:47.0030049-05:00" endTime="2012-12-08T15:29:47.0090052-05:00" testType="13cdc9d9-ddb5-4fa4-a97d-d965ccfc6d4b" outcome="Passed" testListId="8c84fa94-04c1-424b-9868-57a2d4851a1d" relativeResultsDirectory="996154cf-169b-49ff-99cc-76487c76d1a0">
    </UnitTestResult>
    <UnitTestResult executionId="00befb3d-9326-4af0-b875-9469b1c02c2c" testId="a4fc38ee-7b00-b59f-4a61-906e4175b8e2" testName="Can_Generate_Slug_For_Tag_With_Lot_Of_Spaces" computerName="KARTHIK-PC" duration="00:00:00.0004083" startTime="2012-12-08T15:29:47.0130055-05:00" endTime="2012-12-08T15:29:47.0180058-05:00" testType="13cdc9d9-ddb5-4fa4-a97d-d965ccfc6d4b" outcome="Passed" testListId="8c84fa94-04c1-424b-9868-57a2d4851a1d" relativeResultsDirectory="00befb3d-9326-4af0-b875-9469b1c02c2c">
    </UnitTestResult>
    <UnitTestResult executionId="b422c0db-1507-400b-aaf4-9f7756815d08" testId="a8fb68d2-b6b7-5034-b7f0-e5d4ad308b45" testName="Can_Generate_Slug_For_New_Tag" computerName="KARTHIK-PC" duration="00:00:00.0003387" startTime="2012-12-08T15:29:47.0220060-05:00" endTime="2012-12-08T15:29:47.0270063-05:00" testType="13cdc9d9-ddb5-4fa4-a97d-d965ccfc6d4b" outcome="Passed" testListId="8c84fa94-04c1-424b-9868-57a2d4851a1d" relativeResultsDirectory="b422c0db-1507-400b-aaf4-9f7756815d08">
    </UnitTestResult>
    <UnitTestResult executionId="00aeb54e-e349-473f-aedd-45d4d797641f" testId="aaa6240a-912d-e2ee-b519-bbb8c5cd5735" testName="Can_Generate_Slug_For_Non_Duplicate_Url_3" computerName="KARTHIK-PC" duration="00:00:00.0005525" startTime="2012-12-08T15:29:47.0310065-05:00" endTime="2012-12-08T15:29:47.0360068-05:00" testType="13cdc9d9-ddb5-4fa4-a97d-d965ccfc6d4b" outcome="Passed" testListId="8c84fa94-04c1-424b-9868-57a2d4851a1d" relativeResultsDirectory="00aeb54e-e349-473f-aedd-45d4d797641f">
    </UnitTestResult>
    <UnitTestResult executionId="5375ee29-2d84-4908-866a-1f673c80008f" testId="ae9b26a5-6b7b-7099-0678-55d3f1c04b09" testName="Path_Mapper_Can_Identify_A_Folder" computerName="KARTHIK-PC" duration="00:00:00.0005079" startTime="2012-12-08T15:29:47.0400070-05:00" endTime="2012-12-08T15:29:47.0440072-05:00" testType="13cdc9d9-ddb5-4fa4-a97d-d965ccfc6d4b" outcome="Passed" testListId="8c84fa94-04c1-424b-9868-57a2d4851a1d" relativeResultsDirectory="5375ee29-2d84-4908-866a-1f673c80008f">
    </UnitTestResult>
    <UnitTestResult executionId="debbacf1-bc42-466e-8ce9-5ec3b97254d5" testId="aee5dee6-06c6-90b6-cb11-a532cf09eea9" testName="Can_Throw_Appropriate_Exception_When_Accessing_Private_Post" computerName="KARTHIK-PC" duration="00:00:00.0010479" startTime="2012-12-08T15:29:47.0490075-05:00" endTime="2012-12-08T15:29:47.0540078-05:00" testType="13cdc9d9-ddb5-4fa4-a97d-d965ccfc6d4b" outcome="Passed" testListId="8c84fa94-04c1-424b-9868-57a2d4851a1d" relativeResultsDirectory="debbacf1-bc42-466e-8ce9-5ec3b97254d5">
    </UnitTestResult>
    <UnitTestResult executionId="ef55a584-e5c9-48d9-95aa-3d95d01a5d63" testId="b7144678-b9b9-cf56-61aa-ea23b3c41fb5" testName="Can_Generate_Slug_For_New_Tag_With_Period" computerName="KARTHIK-PC" duration="00:00:00.0003481" startTime="2012-12-08T15:29:47.0580080-05:00" endTime="2012-12-08T15:29:47.0630083-05:00" testType="13cdc9d9-ddb5-4fa4-a97d-d965ccfc6d4b" outcome="Passed" testListId="8c84fa94-04c1-424b-9868-57a2d4851a1d" relativeResultsDirectory="ef55a584-e5c9-48d9-95aa-3d95d01a5d63">
    </UnitTestResult>
    <UnitTestResult executionId="5f215375-f884-410b-8be9-f4ae26d5af4a" testId="b9917d52-2709-d368-b719-a4e1a667f0ea" testName="Can_Return_Posts_By_Category_Name_Page_2" computerName="KARTHIK-PC" duration="00:00:00.0034545" startTime="2012-12-08T15:29:47.0750090-05:00" endTime="2012-12-08T15:29:47.0930100-05:00" testType="13cdc9d9-ddb5-4fa4-a97d-d965ccfc6d4b" outcome="Passed" testListId="8c84fa94-04c1-424b-9868-57a2d4851a1d" relativeResultsDirectory="5f215375-f884-410b-8be9-f4ae26d5af4a">
    </UnitTestResult>
    <UnitTestResult executionId="a2754e04-957f-4a11-80d2-4ddc3173ebfe" testId="bac29113-e4ce-d930-b577-4be854c98954" testName="Can_Return_Posts_By_Year_Month_Authenticated" computerName="KARTHIK-PC" duration="00:00:00.0013777" startTime="2012-12-08T15:29:47.0970103-05:00" endTime="2012-12-08T15:29:47.1040107-05:00" testType="13cdc9d9-ddb5-4fa4-a97d-d965ccfc6d4b" outcome="Passed" testListId="8c84fa94-04c1-424b-9868-57a2d4851a1d" relativeResultsDirectory="a2754e04-957f-4a11-80d2-4ddc3173ebfe">
    </UnitTestResult>
    <UnitTestResult executionId="e79ed9df-163a-4313-8c4f-41e139dabea3" testId="bce27ffc-6ad4-8158-fe15-456497106f9d" testName="Can_Generate_Slug_For_Duplicate_2" computerName="KARTHIK-PC" duration="00:00:00.0004168" startTime="2012-12-08T15:29:47.1070108-05:00" endTime="2012-12-08T15:29:47.1120111-05:00" testType="13cdc9d9-ddb5-4fa4-a97d-d965ccfc6d4b" outcome="Passed" testListId="8c84fa94-04c1-424b-9868-57a2d4851a1d" relativeResultsDirectory="e79ed9df-163a-4313-8c4f-41e139dabea3">
    </UnitTestResult>
    <UnitTestResult executionId="83cad0fb-6b4f-4832-a64f-b8981efbfdff" testId="be0f747f-a73f-9fee-7373-67b77d206e28" testName="Can_Return_Posts_By_Year_Month_Page_Two" computerName="KARTHIK-PC" duration="00:00:00.0013822" startTime="2012-12-08T15:29:47.1160114-05:00" endTime="2012-12-08T15:29:47.1210116-05:00" testType="13cdc9d9-ddb5-4fa4-a97d-d965ccfc6d4b" outcome="Passed" testListId="8c84fa94-04c1-424b-9868-57a2d4851a1d" relativeResultsDirectory="83cad0fb-6b4f-4832-a64f-b8981efbfdff">
    </UnitTestResult>
    <UnitTestResult executionId="cb704f74-c0d3-4e4d-a7e3-815c3ac42d99" testId="c2697b30-5b3c-3d66-2add-e0d99eb13318" testName="Can_Generate_Slug_For_Text_With_Hyphen" computerName="KARTHIK-PC" duration="00:00:00.0004213" startTime="2012-12-08T15:29:47.1250119-05:00" endTime="2012-12-08T15:29:47.1290121-05:00" testType="13cdc9d9-ddb5-4fa4-a97d-d965ccfc6d4b" outcome="Passed" testListId="8c84fa94-04c1-424b-9868-57a2d4851a1d" relativeResultsDirectory="cb704f74-c0d3-4e4d-a7e3-815c3ac42d99">
    </UnitTestResult>
    <UnitTestResult executionId="9458ee60-520f-49d0-867c-4b5157a01b7e" testId="c554fedc-8c57-f2c0-4fe2-05346ebe126c" testName="Verification" computerName="KARTHIK-PC" duration="00:00:00.3652739" startTime="2012-12-08T15:29:47.1370126-05:00" endTime="2012-12-08T15:29:47.5080338-05:00" testType="13cdc9d9-ddb5-4fa4-a97d-d965ccfc6d4b" outcome="Passed" testListId="8c84fa94-04c1-424b-9868-57a2d4851a1d" relativeResultsDirectory="9458ee60-520f-49d0-867c-4b5157a01b7e">
      <Output>
        <StdOut>request(http://rest.akismet.com/1.1/verify-key) = key=8b8d8d8c375d&amp;blog=http://your.url.here.com
response = valid
VerifyKey() = True.</StdOut>
      </Output>
    </UnitTestResult>
    <UnitTestResult executionId="e7d35f40-943a-47e6-a54d-f39e42ea0f55" testId="c884a035-314a-2855-1ee7-90cce387b618" testName="Can_Return_Posts_By_URL" computerName="KARTHIK-PC" duration="00:00:00.0014688" startTime="2012-12-08T15:29:47.5120340-05:00" endTime="2012-12-08T15:29:47.5250348-05:00" testType="13cdc9d9-ddb5-4fa4-a97d-d965ccfc6d4b" outcome="Passed" testListId="8c84fa94-04c1-424b-9868-57a2d4851a1d" relativeResultsDirectory="e7d35f40-943a-47e6-a54d-f39e42ea0f55">
    </UnitTestResult>
    <UnitTestResult executionId="e4288334-0724-49e6-b720-e06f78de4208" testId="cb624e79-6d34-32bf-7b3f-0bcbb43b4a9b" testName="Can_Generate_Slug_For_Duplicate_9" computerName="KARTHIK-PC" duration="00:00:00.0007502" startTime="2012-12-08T15:29:47.5300350-05:00" endTime="2012-12-08T15:29:47.5390356-05:00" testType="13cdc9d9-ddb5-4fa4-a97d-d965ccfc6d4b" outcome="Passed" testListId="8c84fa94-04c1-424b-9868-57a2d4851a1d" relativeResultsDirectory="e4288334-0724-49e6-b720-e06f78de4208">
    </UnitTestResult>
    <UnitTestResult executionId="c25b7db7-0c0e-42de-b3f8-538340d56759" testId="cc40102f-704d-b190-d1a0-093358002f62" testName="Can_Generate_Java_Possiblity" computerName="KARTHIK-PC" duration="00:00:00.0176921" startTime="2012-12-08T15:29:47.5440358-05:00" endTime="2012-12-08T15:29:47.5680372-05:00" testType="13cdc9d9-ddb5-4fa4-a97d-d965ccfc6d4b" outcome="Passed" testListId="8c84fa94-04c1-424b-9868-57a2d4851a1d" relativeResultsDirectory="c25b7db7-0c0e-42de-b3f8-538340d56759">
    </UnitTestResult>
    <UnitTestResult executionId="38786a36-e3c5-4b24-92b2-34d63572a49a" testId="ce9d2f38-0696-2335-e864-08ceb31a70a0" testName="Can_Generate_Slug_For_New_Tag_With_Period_2" computerName="KARTHIK-PC" duration="00:00:00.0005467" startTime="2012-12-08T15:29:47.5790378-05:00" endTime="2012-12-08T15:29:47.5950388-05:00" testType="13cdc9d9-ddb5-4fa4-a97d-d965ccfc6d4b" outcome="Passed" testListId="8c84fa94-04c1-424b-9868-57a2d4851a1d" relativeResultsDirectory="38786a36-e3c5-4b24-92b2-34d63572a49a">
    </UnitTestResult>
    <UnitTestResult executionId="c1ee2698-71af-4797-8dd0-34b153dc5c6f" testId="d1901ce9-268e-6f75-fc55-4881d6290901" testName="Can_Process_Comment_When_Akistmet_Is_Disabled" computerName="KARTHIK-PC" duration="00:00:00.0006418" startTime="2012-12-08T15:29:47.5980389-05:00" endTime="2012-12-08T15:29:47.6040393-05:00" testType="13cdc9d9-ddb5-4fa4-a97d-d965ccfc6d4b" outcome="Passed" testListId="8c84fa94-04c1-424b-9868-57a2d4851a1d" relativeResultsDirectory="c1ee2698-71af-4797-8dd0-34b153dc5c6f">
    </UnitTestResult>
    <UnitTestResult executionId="e18c6581-139e-4130-aee4-1e2ccf9375b9" testId="d1bce698-2d1d-0f42-8b3b-4e284594f71f" testName="Can_Generate_Archive_Collection_With_Required_Month_And_Years" computerName="KARTHIK-PC" duration="00:00:00.0056271" startTime="2012-12-08T15:29:47.6110397-05:00" endTime="2012-12-08T15:29:47.6220403-05:00" testType="13cdc9d9-ddb5-4fa4-a97d-d965ccfc6d4b" outcome="Passed" testListId="8c84fa94-04c1-424b-9868-57a2d4851a1d" relativeResultsDirectory="e18c6581-139e-4130-aee4-1e2ccf9375b9">
    </UnitTestResult>
    <UnitTestResult executionId="5aa6ce46-afe6-4166-b753-05ef638aee3f" testId="deb7b405-5e91-3e57-c8b4-0fa70ab2c861" testName="Can_Throw_Exception_For_Illegal_Access" computerName="KARTHIK-PC" duration="00:00:00.0028720" startTime="2012-12-08T15:29:47.6270406-05:00" endTime="2012-12-08T15:29:47.6520420-05:00" testType="13cdc9d9-ddb5-4fa4-a97d-d965ccfc6d4b" outcome="Passed" testListId="8c84fa94-04c1-424b-9868-57a2d4851a1d" relativeResultsDirectory="5aa6ce46-afe6-4166-b753-05ef638aee3f">
    </UnitTestResult>
    <UnitTestResult executionId="8fabd21a-c926-4ba0-a206-90a3472166b1" testId="f03c6dd5-e960-a131-5365-fd7d09214007" testName="Can_Generate_Css_Possiblity" computerName="KARTHIK-PC" duration="00:00:00.0195010" startTime="2012-12-08T15:29:47.6570423-05:00" endTime="2012-12-08T15:29:47.6810437-05:00" testType="13cdc9d9-ddb5-4fa4-a97d-d965ccfc6d4b" outcome="Passed" testListId="8c84fa94-04c1-424b-9868-57a2d4851a1d" relativeResultsDirectory="8fabd21a-c926-4ba0-a206-90a3472166b1">
    </UnitTestResult>
    <UnitTestResult executionId="97fbc361-ca41-4ec3-af4a-1dad129964fa" testId="f095abca-49b9-b11b-8e31-f4852472710c" testName="Can_Generate_Slug_For_Duplicate_Url_1_Edit" computerName="KARTHIK-PC" duration="00:00:00.0009667" startTime="2012-12-08T15:29:47.6860440-05:00" endTime="2012-12-08T15:29:47.6920443-05:00" testType="13cdc9d9-ddb5-4fa4-a97d-d965ccfc6d4b" outcome="Passed" testListId="8c84fa94-04c1-424b-9868-57a2d4851a1d" relativeResultsDirectory="97fbc361-ca41-4ec3-af4a-1dad129964fa">
    </UnitTestResult>
    <UnitTestResult executionId="cf12c432-15d1-4a84-800c-35f8e6af98b9" testId="f379ac08-313b-a8d2-5b44-2e330f51f3fc" testName="SpamTest" computerName="KARTHIK-PC" duration="00:00:00.3067957" startTime="2012-12-08T15:29:47.6960445-05:00" endTime="2012-12-08T15:29:48.0100625-05:00" testType="13cdc9d9-ddb5-4fa4-a97d-d965ccfc6d4b" outcome="Passed" testListId="8c84fa94-04c1-424b-9868-57a2d4851a1d" relativeResultsDirectory="cf12c432-15d1-4a84-800c-35f8e6af98b9">
      <Output>
        <StdOut>request(http://8b8d8d8c375d.rest.akismet.com/1.1/comment-check) = blog=http://your.url.here.com&amp;user_ip=147.202.45.202&amp;user_agent=Mozilla/4.0 (compatible; MSIE 6.0; Windows NT 5.1; SV1)&amp;referrer=&amp;permalink=&amp;comment_type=blog&amp;comment_author=someone&amp;comment_author_email=backthismailtojerry@fastmail.fm&amp;comment_author_url=http://someone.finderinn.com&amp;comment_content=A friend of mine told me about this place. I&amp;#39;m just wondering if this thing works.   You check this posts everyday incase &amp;lt;a href=&amp;quot;http://someone.finderinn.com&amp;quot;&amp;gt;find someone&amp;lt;/a&amp;gt; needs some help?  I think this is a great job! Really nice place http://someone.finderinn.com here.   I found a lot of interesting stuff all around.  I enjoy beeing here and i&amp;#39;ll come back soon. Many greetings.
response = true
CommentCheck() = True.</StdOut>
      </Output>
    </UnitTestResult>
    <UnitTestResult executionId="43aa373b-c535-446d-8f87-9821fa49e297" testId="f7a24aaa-aa41-f3bf-4109-b5d13577b744" testName="Can_Generate_Other_Pages_Authenticated" computerName="KARTHIK-PC" duration="00:00:00.0017723" startTime="2012-12-08T15:29:48.0160628-05:00" endTime="2012-12-08T15:29:48.0250634-05:00" testType="13cdc9d9-ddb5-4fa4-a97d-d965ccfc6d4b" outcome="Passed" testListId="8c84fa94-04c1-424b-9868-57a2d4851a1d" relativeResultsDirectory="43aa373b-c535-446d-8f87-9821fa49e297">
    </UnitTestResult>
    <UnitTestResult executionId="9ebb6ae2-4373-4b72-bb0d-e2eaa0197cb3" testId="f7dedd7f-cca6-7fdd-56b1-f8c5c8e62c5e" testName="Can_Return_Posts_By_URL_Private_Admin" computerName="KARTHIK-PC" duration="00:00:00.0011787" startTime="2012-12-08T15:29:48.0310637-05:00" endTime="2012-12-08T15:29:48.0380641-05:00" testType="13cdc9d9-ddb5-4fa4-a97d-d965ccfc6d4b" outcome="Passed" testListId="8c84fa94-04c1-424b-9868-57a2d4851a1d" relativeResultsDirectory="9ebb6ae2-4373-4b72-bb0d-e2eaa0197cb3">
    </UnitTestResult>
  </Results>
</TestRun>